#
# A fatal error has been detected by the Java Runtime Environment:
#
#  EXCEPTION_ACCESS_VIOLATION (0xc0000005) at pc=0x00000266c5d914c9, pid=6576, tid=9564
#
# JRE version: OpenJDK Runtime Environment (17.0.1+12) (build 17.0.1+12-39)
# Java VM: OpenJDK 64-Bit Server VM (17.0.1+12-39, mixed mode, sharing, tiered, compressed oops, compressed class ptrs, g1 gc, windows-amd64)
# Problematic frame:
# j  org.lwjgl.system.MemoryUtil.memGlobalRefToObject(J)Ljava/lang/Object;+0
#
# No core dump will be written. Minidumps are not enabled by default on client versions of Windows
#
# If you would like to submit a bug report, please visit:
#   https://bugreport.java.com/bugreport/crash.jsp
#

---------------  S U M M A R Y ------------

Command Line: -agentlib:jdwp=transport=dt_socket,address=127.0.0.1:60737,suspend=y,server=n -Dvisualvm.id=439203005463900 -Dyajge.config=assets/config/config.conf -javaagent:C:\Users\DEG3NERAT3_\AppData\Local\JetBrains\Toolbox\apps\IDEA-U\ch-0\212.5284.40\plugins\java\lib\rt\debugger-agent.jar -Dfile.encoding=UTF-8 com.engineersbox.yajge.testgame.Main

Host: Intel(R) Core(TM) i7-8700K CPU @ 3.70GHz, 12 cores, 31G,  Windows 10 , 64 bit Build 19041 (10.0.19041.1202)
Time: Wed Nov  3 14:57:17 2021 AUS Eastern Daylight Time elapsed time: 10.781662 seconds (0d 0h 0m 10s)

---------------  T H R E A D  ---------------

Current thread (0x00000266be596d70):  JavaThread "main" [_thread_in_Java, id=9564, stack(0x000000a3bb100000,0x000000a3bb200000)]

Stack: [0x000000a3bb100000,0x000000a3bb200000],  sp=0x000000a3bb1ff0e0,  free space=1020k
Native frames: (J=compiled Java code, j=interpreted, Vv=VM code, C=native code)
C  0x00000266c5d914c9


siginfo: EXCEPTION_ACCESS_VIOLATION (0xc0000005), reading address 0x0000000041800000


Register to memory mapping:

RIP=0x00000266c5d914c9 is at code_begin+2313 in an Interpreter codelet
method entry point (kind = native)  [0x00000266c5d90bc0, 0x00000266c5d91ce0]  4384 bytes
RAX=0x0000000041800000 is an unknown value
RBX={method} {0x00000266ef0ff1d8} 'memGlobalRefToObject' '(J)Ljava/lang/Object;' in 'org/lwjgl/system/MemoryUtil'
RCX=0x00000266be597018 points into unknown readable memory: 0x00000266edd40000 | 00 00 d4 ed 66 02 00 00
RDX=0x000000a3bb1ff178 is pointing into the stack for thread: 0x00000266be596d70
RSP=0x000000a3bb1ff0e0 is pointing into the stack for thread: 0x00000266be596d70
RBP=0x000000a3bb1ff168 is pointing into the stack for thread: 0x00000266be596d70
RSI=0x00000266ecb3bdfc points into unknown readable memory: 04 00 00 00
RDI=0x00000266c5d8a218 is at code_begin+4280 in an Interpreter codelet
return entry points  [0x00000266c5d89160, 0x00000266c5d8b380]  8736 bytes
R8 =0x0000000041800000 is an unknown value
R9 =0x000000061b31a448 is an oop: java.lang.Class 
{0x000000061b31a448} - klass: 'java/lang/Class'
 - ---- fields (total size 15 words):
 - private volatile transient 'classRedefinedCount' 'I' @12  0
 - private volatile transient 'cachedConstructor' 'Ljava/lang/reflect/Constructor;' @40  NULL (0)
 - private transient 'name' 'Ljava/lang/String;' @44  "org.lwjgl.system.Checks"{0x000000061b31b4d0} (c366369a)
 - private transient 'module' 'Ljava/lang/Module;' @48  a 'java/lang/Module'{0x0000000600c0a120} (c0181424)
 - private final 'classLoader' 'Ljava/lang/ClassLoader;' @52  a 'jdk/internal/loader/ClassLoaders$AppClassLoader'{0x0000000600c00000} (c0180000)
 - private transient 'classData' 'Ljava/lang/Object;' @56  NULL (0)
 - private transient 'packageName' 'Ljava/lang/String;' @60  "org.lwjgl.system"{0x000000061b0552d8} (c360aa5b)
 - private final 'componentType' 'Ljava/lang/Class;' @64  NULL (0)
 - private volatile transient 'reflectionData' 'Ljava/lang/ref/SoftReference;' @68  NULL (0)
 - private volatile transient 'genericInfo' 'Lsun/reflect/generics/repository/ClassRepository;' @72  NULL (0)
 - private volatile transient 'enumConstants' '[Ljava/lang/Object;' @76  NULL (0)
 - private volatile transient 'enumConstantDirectory' 'Ljava/util/Map;' @80  NULL (0)
 - private volatile transient 'annotationData' 'Ljava/lang/Class$AnnotationData;' @84  NULL (0)
 - private volatile transient 'annotationType' 'Lsun/reflect/annotation/AnnotationType;' @88  NULL (0)
 - transient 'classValueMap' 'Ljava/lang/ClassValue$ClassValueMap;' @92  NULL (0)
 - signature: Lorg/lwjgl/system/Checks;
 - fake entry for mirror: 'org/lwjgl/system/Checks'
 - fake entry for array: NULL
 - fake entry for oop_size: 15
 - fake entry for static_oop_field_count: 0
 - public static final 'CHECKS' 'Z' @112  true
 - public static final 'DEBUG' 'Z' @113  false
 - public static final 'DEBUG_FUNCTIONS' 'Z' @114  false
R10=0x00000266c5d91337 is at code_begin+1911 in an Interpreter codelet
method entry point (kind = native)  [0x00000266c5d90bc0, 0x00000266c5d91ce0]  4384 bytes
R11=0x00000266c5d8d4fb is at code_begin+27 in an Interpreter codelet
result handlers for native calls  [0x00000266c5d8d4e0, 0x00000266c5d8d500]  32 bytes
R12=0x0 is NULL
R13=0x00000266ef0ff1c8 is pointing into metadata
R14=0x000000a3bb1ff190 is pointing into the stack for thread: 0x00000266be596d70
R15=0x00000266be596d70 is a thread


Registers:
RAX=0x0000000041800000, RBX=0x00000266ef0ff1d0, RCX=0x00000266be597018, RDX=0x000000a3bb1ff178
RSP=0x000000a3bb1ff0e0, RBP=0x000000a3bb1ff168, RSI=0x00000266ecb3bdfc, RDI=0x00000266c5d8a218
R8 =0x0000000041800000, R9 =0x000000061b31a448, R10=0x00000266c5d91337, R11=0x00000266c5d8d4fb
R12=0x0000000000000000, R13=0x00000266ef0ff1c8, R14=0x000000a3bb1ff190, R15=0x00000266be596d70
RIP=0x00000266c5d914c9, EFLAGS=0x0000000000010246

Top of Stack: (sp=0x000000a3bb1ff0e0)
0x000000a3bb1ff0e0:   0000000000000000 00000266c5d91366
0x000000a3bb1ff0f0:   0000000000000000 000000a3bb1ff120
0x000000a3bb1ff100:   000000a3bb1ff178 00000266c5d8a218
0x000000a3bb1ff110:   000000061b1a4b20 00000266c5d8d4f7
0x000000a3bb1ff120:   000000a3bb1ff120 0000000000000000
0x000000a3bb1ff130:   000000a3bb1ff190 00000266ef1048f8
0x000000a3bb1ff140:   0000000000000000 000000061b1291f0
0x000000a3bb1ff150:   00000266ef0ff1d0 0000000000000000
0x000000a3bb1ff160:   000000a3bb1ff188 000000a3bb1ff1e0
0x000000a3bb1ff170:   00000266c5d8a42c 000000061b1291f0
0x000000a3bb1ff180:   00000266c5d8d4fb 0000000041800000
0x000000a3bb1ff190:   0000000000000000 000000a3bb1ff198
0x000000a3bb1ff1a0:   00000266ef0d868c 000000a3bb1ff1f8
0x000000a3bb1ff1b0:   00000266ef0e06a0 0000000000000000
0x000000a3bb1ff1c0:   000000061b31b618 00000266ef0d86a8
0x000000a3bb1ff1d0:   000000a3bb1ff188 000000a3bb1ff1f0 

Instructions: (pc=0x00000266c5d914c9)
0x00000266c5d913c9:   00 41 ff d2 49 8b e4 4d 33 e4 41 c7 87 38 03 00
0x00000266c5d913d9:   00 08 00 00 00 49 c7 87 88 02 00 00 00 00 00 00
0x00000266c5d913e9:   49 c7 87 98 02 00 00 00 00 00 00 49 c7 87 90 02
0x00000266c5d913f9:   00 00 00 00 00 00 c5 f8 77 4d 8b 9f d8 00 00 00
0x00000266c5d91409:   41 c7 83 00 01 00 00 00 00 00 00 49 bb fb d4 d8
0x00000266c5d91419:   c5 66 02 00 00 4c 3b 5d 18 0f 85 b9 00 00 00 48
0x00000266c5d91429:   8b 04 24 48 83 c4 10 48 85 c0 0f 84 93 00 00 00
0x00000266c5d91439:   48 f7 c0 01 00 00 00 0f 84 83 00 00 00 48 8b 40
0x00000266c5d91449:   ff 41 80 7f 38 00 0f 84 6f 00 00 00 48 83 f8 00
0x00000266c5d91459:   0f 84 65 00 00 00 4d 8b 5f 20 49 83 fb 00 0f 84
0x00000266c5d91469:   14 00 00 00 49 83 eb 08 4d 89 5f 20 4d 03 5f 30
0x00000266c5d91479:   49 89 03 e9 43 00 00 00 50 49 8b d7 48 8b c8 48
0x00000266c5d91489:   83 ec 20 f7 c4 0f 00 00 00 0f 84 1a 00 00 00 48
0x00000266c5d91499:   83 ec 08 49 ba 30 e5 7b d6 fa 7f 00 00 41 ff d2
0x00000266c5d914a9:   48 83 c4 08 e9 0d 00 00 00 49 ba 30 e5 7b d6 fa
0x00000266c5d914b9:   7f 00 00 41 ff d2 48 83 c4 20 58 e9 03 00 00 00
0x00000266c5d914c9:   48 8b 00 48 89 45 10 48 83 ec 10 48 89 04 24 48
0x00000266c5d914d9:   c7 44 24 08 00 00 00 00 41 81 bf a8 03 00 00 02
0x00000266c5d914e9:   00 00 00 0f 85 c0 00 00 00 48 81 ec 80 00 00 00
0x00000266c5d914f9:   48 89 44 24 78 48 89 4c 24 70 48 89 54 24 68 48
0x00000266c5d91509:   89 5c 24 60 48 89 6c 24 50 48 89 74 24 48 48 89
0x00000266c5d91519:   7c 24 40 4c 89 44 24 38 4c 89 4c 24 30 4c 89 54
0x00000266c5d91529:   24 28 4c 89 5c 24 20 4c 89 64 24 18 4c 89 6c 24
0x00000266c5d91539:   10 4c 89 74 24 08 4c 89 3c 24 4c 8b e4 48 83 ec
0x00000266c5d91549:   20 48 83 e4 f0 49 ba 60 7e bc d6 fa 7f 00 00 41
0x00000266c5d91559:   ff d2 49 8b e4 4c 8b 3c 24 4c 8b 74 24 08 4c 8b
0x00000266c5d91569:   6c 24 10 4c 8b 64 24 18 4c 8b 5c 24 20 4c 8b 54
0x00000266c5d91579:   24 28 4c 8b 4c 24 30 4c 8b 44 24 38 48 8b 7c 24
0x00000266c5d91589:   40 48 8b 74 24 48 48 8b 6c 24 50 48 8b 5c 24 60
0x00000266c5d91599:   48 8b 54 24 68 48 8b 4c 24 70 48 8b 44 24 78 48
0x00000266c5d915a9:   81 c4 80 00 00 00 4d 33 e4 48 8b 5d e8 4c 8b 6b
0x00000266c5d915b9:   08 4d 8d 6d 30 49 81 7f 08 00 00 00 00 0f 84 83 


Stack slot to memory mapping:
stack at sp + 0 slots: 0x0 is NULL
stack at sp + 1 slots: 0x00000266c5d91366 is at code_begin+1958 in an Interpreter codelet
method entry point (kind = native)  [0x00000266c5d90bc0, 0x00000266c5d91ce0]  4384 bytes
stack at sp + 2 slots: 0x0 is NULL
stack at sp + 3 slots: 0x000000a3bb1ff120 is pointing into the stack for thread: 0x00000266be596d70
stack at sp + 4 slots: 0x000000a3bb1ff178 is pointing into the stack for thread: 0x00000266be596d70
stack at sp + 5 slots: 0x00000266c5d8a218 is at code_begin+4280 in an Interpreter codelet
return entry points  [0x00000266c5d89160, 0x00000266c5d8b380]  8736 bytes
stack at sp + 6 slots: 0x000000061b1a4b20 is an oop: java.lang.Class 
{0x000000061b1a4b20} - klass: 'java/lang/Class'
 - ---- fields (total size 16 words):
 - private volatile transient 'classRedefinedCount' 'I' @12  0
 - private volatile transient 'cachedConstructor' 'Ljava/lang/reflect/Constructor;' @40  NULL (0)
 - private transient 'name' 'Ljava/lang/String;' @44  "org.lwjgl.system.dyncall.DynCallback"{0x000000061b26ce70} (c364d9ce)
 - private transient 'module' 'Ljava/lang/Module;' @48  a 'java/lang/Module'{0x0000000600c0a120} (c0181424)
 - private final 'classLoader' 'Ljava/lang/ClassLoader;' @52  a 'jdk/internal/loader/ClassLoaders$AppClassLoader'{0x0000000600c00000} (c0180000)
 - private transient 'classData' 'Ljava/lang/Object;' @56  NULL (0)
 - private transient 'packageName' 'Ljava/lang/String;' @60  "org.lwjgl.system.dyncall"{0x000000061b026648} (c3604cc9)
 - private final 'componentType' 'Ljava/lang/Class;' @64  NULL (0)
 - private volatile transient 'reflectionData' 'Ljava/lang/ref/SoftReference;' @68  NULL (0)
 - private volatile transient 'genericInfo' 'Lsun/reflect/generics/repository/ClassRepository;' @72  NULL (0)
 - private volatile transient 'enumConstants' '[Ljava/lang/Object;' @76  NULL (0)
 - private volatile transient 'enumConstantDirectory' 'Ljava/util/Map;' @80  NULL (0)
 - private volatile transient 'annotationData' 'Ljava/lang/Class$AnnotationData;' @84  NULL (0)
 - private volatile transient 'annotationType' 'Lsun/reflect/annotation/AnnotationType;' @88  NULL (0)
 - transient 'classValueMap' 'Ljava/lang/ClassValue$ClassValueMap;' @92  NULL (0)
 - signature: Lorg/lwjgl/system/dyncall/DynCallback;
 - fake entry for mirror: 'org/lwjgl/system/dyncall/DynCallback'
 - fake entry for array: NULL
 - fake entry for oop_size: 16
 - fake entry for static_oop_field_count: 0
 - public static final 'DCB_SIGCHAR_CC_PREFIX' 'C' @112  _ 95 (5f)
 - public static final 'DCB_SIGCHAR_CC_ELLIPSIS' 'C' @114  e 101 (65)
 - public static final 'DCB_SIGCHAR_CC_STDCALL' 'C' @116  s 115 (73)
 - public static final 'DCB_SIGCHAR_CC_FASTCALL_GNU' 'C' @118  f 102 (66)
 - public static final 'DCB_SIGCHAR_CC_FASTCALL_MS' 'C' @120  F 70 (46)
 - public static final 'DCB_SIGCHAR_CC_THISCALL_MS' 'C' @122  + 43 (2b)
stack at sp + 7 slots: 0x00000266c5d8d4f7 is at code_begin+23 in an Interpreter codelet
result handlers for native calls  [0x00000266c5d8d4e0, 0x00000266c5d8d500]  32 bytes

method entry point (kind = native)  [0x00000266c5d90bc0, 0x00000266c5d91ce0]  4384 bytes
[MachCode]
  0x00000266c5d90bc0: 488b 4b08 | 0fb7 492c | 584c 8d74 | ccf8 6800 | 0000 0068 | 0000 0000 | 5055 488b | ec41 5568 
  0x00000266c5d90be0: 0000 0000 | 4c8b 6b08 | 4d8d 6d30 | 5348 8b53 | 0848 8b52 | 0848 8b52 | 1848 8b52 | 7048 8b12 
  0x00000266c5d90c00: 5248 8b53 | 1048 85d2 | 0f84 0700 | 0000 4881 | c208 0100 | 0052 488b | 5308 488b | 5208 488b 
  0x00000266c5d90c20: 5210 5241 | 5668 0000 | 0000 6800 | 0000 0048 | 8924 2441 | c687 6903 | 0000 0148 | 8b43 1048 
  0x00000266c5d90c40: 85c0 7420 | 8b88 cc00 | 0000 83c1 | 0289 88cc | 0000 0023 | 88e0 0000 | 000f 84f4 | 0e00 00e9 
  0x00000266c5d90c60: 9601 0000 | 488b 4318 | 4885 c00f | 8577 0100 | 00e8 0500 | 0000 e960 | 0100 0048 | 8bd3 488d 
  0x00000266c5d90c80: 4424 084c | 896d c049 | 8bcf c5f8 | 7749 89af | 9802 0000 | 4989 8788 | 0200 0048 | 83ec 20f7 
  0x00000266c5d90ca0: c40f 0000 | 000f 841a | 0000 0048 | 83ec 0849 | ba10 b886 | d6fa 7f00 | 0041 ffd2 | 4883 c408 
  0x00000266c5d90cc0: e90d 0000 | 0049 ba10 | b886 d6fa | 7f00 0041 | ffd2 4883 | c420 49c7 | 8788 0200 | 0000 0000 
  0x00000266c5d90ce0: 0049 c787 | 9802 0000 | 0000 0000 | 49c7 8790 | 0200 0000 | 0000 00c5 | f877 418b | 8ffc 0300 
  0x00000266c5d90d00: 00f7 c101 | 0000 000f | 8449 0000 | 00f7 c102 | 0000 000f | 853d 0000 | 0048 83ec | 20f7 c40f 
  0x00000266c5d90d20: 0000 000f | 841a 0000 | 0048 83ec | 0849 ba50 | 8a86 d6fa | 7f00 0041 | ffd2 4883 | c408 e90d 
  0x00000266c5d90d40: 0000 0049 | ba50 8a86 | d6fa 7f00 | 0041 ffd2 | 4883 c420 | ffe0 498b | 8f80 0400 | 0048 85c9 
  0x00000266c5d90d60: 0f84 5900 | 0000 8b89 | 8c00 0000 | 83f9 010f | 854a 0000 | 0049 8b8f | 8004 0000 | 8b89 9000 
  0x00000266c5d90d80: 0000 4883 | ec20 f7c4 | 0f00 0000 | 0f84 1a00 | 0000 4883 | ec08 49ba | 408a 86d6 | fa7f 0000 
  0x00000266c5d90da0: 41ff d248 | 83c4 08e9 | 0d00 0000 | 49ba 408a | 86d6 fa7f | 0000 41ff | d248 83c4 | 20ff e049 
  0x00000266c5d90dc0: 817f 0800 | 0000 000f | 8405 0000 | 00e9 2e01 | ffff 4c8b | 6dc0 4c8b | 75c8 c348 | 8b43 1848 
  0x00000266c5d90de0: 85c0 0f84 | 1200 0000 | 8b48 0883 | c102 8948 | 0823 4820 | 0f84 590d | 0000 8984 | 2400 90ff 
  0x00000266c5d90e00: ff41 c687 | 6903 0000 | 0041 8b97 | 8804 0000 | 85d2 0f84 | 6701 0000 | e805 0000 | 00e9 5d01 
  0x00000266c5d90e20: 0000 488d | 4424 084c | 896d c049 | 8bcf c5f8 | 7749 89af | 9802 0000 | 4989 8788 | 0200 0048 
  0x00000266c5d90e40: 83ec 20f7 | c40f 0000 | 000f 841a | 0000 0048 | 83ec 0849 | ba70 e086 | d6fa 7f00 | 0041 ffd2 
  0x00000266c5d90e60: 4883 c408 | e90d 0000 | 0049 ba70 | e086 d6fa | 7f00 0041 | ffd2 4883 | c420 49c7 | 8788 0200 
  0x00000266c5d90e80: 0000 0000 | 0049 c787 | 9802 0000 | 0000 0000 | 49c7 8790 | 0200 0000 | 0000 00c5 | f877 418b 
  0x00000266c5d90ea0: 8ffc 0300 | 00f7 c101 | 0000 000f | 8449 0000 | 00f7 c102 | 0000 000f | 853d 0000 | 0048 83ec 
  0x00000266c5d90ec0: 20f7 c40f | 0000 000f | 841a 0000 | 0048 83ec | 0849 ba50 | 8a86 d6fa | 7f00 0041 | ffd2 4883 
  0x00000266c5d90ee0: c408 e90d | 0000 0049 | ba50 8a86 | d6fa 7f00 | 0041 ffd2 | 4883 c420 | ffe0 498b | 8f80 0400 
  0x00000266c5d90f00: 0048 85c9 | 0f84 5900 | 0000 8b89 | 8c00 0000 | 83f9 010f | 854a 0000 | 0049 8b8f | 8004 0000 
  0x00000266c5d90f20: 8b89 9000 | 0000 4883 | ec20 f7c4 | 0f00 0000 | 0f84 1a00 | 0000 4883 | ec08 49ba | 408a 86d6 
  0x00000266c5d90f40: fa7f 0000 | 41ff d248 | 83c4 08e9 | 0d00 0000 | 49ba 408a | 86d6 fa7f | 0000 41ff | d248 83c4 
  0x00000266c5d90f60: 20ff e049 | 817f 0800 | 0000 000f | 8405 0000 | 00e9 8aff | feff 4c8b | 6dc0 4c8b | 75c8 c349 
  0x00000266c5d90f80: ba83 8afd | d6fa 7f00 | 0041 803a | 000f 8442 | 0000 0048 | 8b55 e849 | 8bcf 4883 | ec20 f7c4 
  0x00000266c5d90fa0: 0f00 0000 | 0f84 1a00 | 0000 4883 | ec08 49ba | b04d bcd6 | fa7f 0000 | 41ff d248 | 83c4 08e9 
  0x00000266c5d90fc0: 0d00 0000 | 49ba b04d | bcd6 fa7f | 0000 41ff | d248 83c4 | 2048 8b5d | e84c 8b5b | 0845 0fb7 
  0x00000266c5d90fe0: 5b2c 41c1 | e303 492b | e348 83ec | 2048 83e4 | f04c 8b5b | 604d 85db | 0f85 7201 | 0000 e805 
  0x00000266c5d91000: 0000 00e9 | 6001 0000 | 488b d348 | 8d44 2408 | 4c89 6dc0 | 498b cfc5 | f877 4989 | af98 0200 
  0x00000266c5d91020: 0049 8987 | 8802 0000 | 4883 ec20 | f7c4 0f00 | 0000 0f84 | 1a00 0000 | 4883 ec08 | 49ba 70e2 
  0x00000266c5d91040: 86d6 fa7f | 0000 41ff | d248 83c4 | 08e9 0d00 | 0000 49ba | 70e2 86d6 | fa7f 0000 | 41ff d248 
  0x00000266c5d91060: 83c4 2049 | c787 8802 | 0000 0000 | 0000 49c7 | 8798 0200 | 0000 0000 | 0049 c787 | 9002 0000 
  0x00000266c5d91080: 0000 0000 | c5f8 7741 | 8b8f fc03 | 0000 f7c1 | 0100 0000 | 0f84 4900 | 0000 f7c1 | 0200 0000 
  0x00000266c5d910a0: 0f85 3d00 | 0000 4883 | ec20 f7c4 | 0f00 0000 | 0f84 1a00 | 0000 4883 | ec08 49ba | 508a 86d6 
  0x00000266c5d910c0: fa7f 0000 | 41ff d248 | 83c4 08e9 | 0d00 0000 | 49ba 508a | 86d6 fa7f | 0000 41ff | d248 83c4 
  0x00000266c5d910e0: 20ff e049 | 8b8f 8004 | 0000 4885 | c90f 8459 | 0000 008b | 898c 0000 | 0083 f901 | 0f85 4a00 
  0x00000266c5d91100: 0000 498b | 8f80 0400 | 008b 8990 | 0000 0048 | 83ec 20f7 | c40f 0000 | 000f 841a | 0000 0048 
  0x00000266c5d91120: 83ec 0849 | ba40 8a86 | d6fa 7f00 | 0041 ffd2 | 4883 c408 | e90d 0000 | 0049 ba40 | 8a86 d6fa 
  0x00000266c5d91140: 7f00 0041 | ffd2 4883 | c420 ffe0 | 4981 7f08 | 0000 0000 | 0f84 0500 | 0000 e9a1 | fdfe ff4c 
  0x00000266c5d91160: 8b6d c04c | 8b75 c8c3 | 488b 5de8 | 4c8b 5b60 | 41ff d348 | 8b5d e848 | 8945 1844 | 8b5b 2841 
  0x00000266c5d91180: f7c3 0800 | 0000 0f84 | 1b00 0000 | 4c8b 5b08 | 4d8b 5b08 | 4d8b 5b18 | 4d8b 5b70 | 4d8b 1b4c 
  0x00000266c5d911a0: 895d 1048 | 8d55 1048 | 8b43 5849 | ba90 9cbc | d6fa 7f00 | 0049 3bc2 | 0f85 7201 | 0000 e805 
  0x00000266c5d911c0: 0000 00e9 | 6001 0000 | 488b d348 | 8d44 2408 | 4c89 6dc0 | 498b cfc5 | f877 4989 | af98 0200 
  0x00000266c5d911e0: 0049 8987 | 8802 0000 | 4883 ec20 | f7c4 0f00 | 0000 0f84 | 1a00 0000 | 4883 ec08 | 49ba 70e2 
  0x00000266c5d91200: 86d6 fa7f | 0000 41ff | d248 83c4 | 08e9 0d00 | 0000 49ba | 70e2 86d6 | fa7f 0000 | 41ff d248 
  0x00000266c5d91220: 83c4 2049 | c787 8802 | 0000 0000 | 0000 49c7 | 8798 0200 | 0000 0000 | 0049 c787 | 9002 0000 
  0x00000266c5d91240: 0000 0000 | c5f8 7741 | 8b8f fc03 | 0000 f7c1 | 0100 0000 | 0f84 4900 | 0000 f7c1 | 0200 0000 
  0x00000266c5d91260: 0f85 3d00 | 0000 4883 | ec20 f7c4 | 0f00 0000 | 0f84 1a00 | 0000 4883 | ec08 49ba | 508a 86d6 
  0x00000266c5d91280: fa7f 0000 | 41ff d248 | 83c4 08e9 | 0d00 0000 | 49ba 508a | 86d6 fa7f | 0000 41ff | d248 83c4 
  0x00000266c5d912a0: 20ff e049 | 8b8f 8004 | 0000 4885 | c90f 8459 | 0000 008b | 898c 0000 | 0083 f901 | 0f85 4a00 
  0x00000266c5d912c0: 0000 498b | 8f80 0400 | 008b 8990 | 0000 0048 | 83ec 20f7 | c40f 0000 | 000f 841a | 0000 0048 
  0x00000266c5d912e0: 83ec 0849 | ba40 8a86 | d6fa 7f00 | 0041 ffd2 | 4883 c408 | e90d 0000 | 0049 ba40 | 8a86 d6fa 
  0x00000266c5d91300: 7f00 0041 | ffd2 4883 | c420 ffe0 | 4981 7f08 | 0000 0000 | 0f84 0500 | 0000 e9e1 | fbfe ff4c 
  0x00000266c5d91320: 8b6d c04c | 8b75 c8c3 | 488b 5de8 | 488b 4358 | 498d 8fa8 | 0200 00c5 | f877 4989 | af98 0200 
  0x00000266c5d91340: 0049 ba37 | 13d9 c566 | 0200 004d | 8997 9002 | 0000 4989 | a788 0200 | 0041 c787 | 3803 0000 
  0x00000266c5d91360: 0400 0000 | ffd0 c5f8 | 7748 83ec | 10c5 fb11 | 0424 4883 | ec10 4889 | 0424 48c7 | 4424 0800 
  0x00000266c5d91380: 0000 0041 | c787 3803 | 0000 0500 | 0000 f083 | 4424 c000 | 493b af40 | 0300 000f | 8711 0000 
  0x00000266c5d913a0: 0041 81bf | 2803 0000 | 0000 0000 | 0f84 2100 | 0000 498b | cf4c 8be4 | 4883 ec20 | 4883 e4f0 
  0x00000266c5d913c0: 49ba d0ed | c6d6 fa7f | 0000 41ff | d249 8be4 | 4d33 e441 | c787 3803 | 0000 0800 | 0000 49c7 
  0x00000266c5d913e0: 8788 0200 | 0000 0000 | 0049 c787 | 9802 0000 | 0000 0000 | 49c7 8790 | 0200 0000 | 0000 00c5 
  0x00000266c5d91400: f877 4d8b | 9fd8 0000 | 0041 c783 | 0001 0000 | 0000 0000 | 49bb fbd4 | d8c5 6602 | 0000 4c3b 
  0x00000266c5d91420: 5d18 0f85 | b900 0000 | 488b 0424 | 4883 c410 | 4885 c00f | 8493 0000 | 0048 f7c0 | 0100 0000 
  0x00000266c5d91440: 0f84 8300 | 0000 488b | 40ff 4180 | 7f38 000f | 846f 0000 | 0048 83f8 | 000f 8465 | 0000 004d 
  0x00000266c5d91460: 8b5f 2049 | 83fb 000f | 8414 0000 | 0049 83eb | 084d 895f | 204d 035f | 3049 8903 | e943 0000 
  0x00000266c5d91480: 0050 498b | d748 8bc8 | 4883 ec20 | f7c4 0f00 | 0000 0f84 | 1a00 0000 | 4883 ec08 | 49ba 30e5 
  0x00000266c5d914a0: 7bd6 fa7f | 0000 41ff | d248 83c4 | 08e9 0d00 | 0000 49ba | 30e5 7bd6 | fa7f 0000 | 41ff d248 
  0x00000266c5d914c0: 83c4 2058 | e903 0000 | 0048 8b00 | 4889 4510 | 4883 ec10 | 4889 0424 | 48c7 4424 | 0800 0000 
  0x00000266c5d914e0: 0041 81bf | a803 0000 | 0200 0000 | 0f85 c000 | 0000 4881 | ec80 0000 | 0048 8944 | 2478 4889 
  0x00000266c5d91500: 4c24 7048 | 8954 2468 | 4889 5c24 | 6048 896c | 2450 4889 | 7424 4848 | 897c 2440 | 4c89 4424 
  0x00000266c5d91520: 384c 894c | 2430 4c89 | 5424 284c | 895c 2420 | 4c89 6424 | 184c 896c | 2410 4c89 | 7424 084c 
  0x00000266c5d91540: 893c 244c | 8be4 4883 | ec20 4883 | e4f0 49ba | 607e bcd6 | fa7f 0000 | 41ff d249 | 8be4 4c8b 
  0x00000266c5d91560: 3c24 4c8b | 7424 084c | 8b6c 2410 | 4c8b 6424 | 184c 8b5c | 2420 4c8b | 5424 284c | 8b4c 2430 
  0x00000266c5d91580: 4c8b 4424 | 3848 8b7c | 2440 488b | 7424 4848 | 8b6c 2450 | 488b 5c24 | 6048 8b54 | 2468 488b 
  0x00000266c5d915a0: 4c24 7048 | 8b44 2478 | 4881 c480 | 0000 004d | 33e4 488b | 5de8 4c8b | 6b08 4d8d | 6d30 4981 
  0x00000266c5d915c0: 7f08 0000 | 0000 0f84 | 8301 0000 | e805 0000 | 00e9 5d01 | 0000 488d | 4424 084c | 896d c049 
  0x00000266c5d915e0: 8bcf c5f8 | 7749 89af | 9802 0000 | 4989 8788 | 0200 0048 | 83ec 20f7 | c40f 0000 | 000f 841a 
  0x00000266c5d91600: 0000 0048 | 83ec 0849 | ba90 0087 | d6fa 7f00 | 0041 ffd2 | 4883 c408 | e90d 0000 | 0049 ba90 
  0x00000266c5d91620: 0087 d6fa | 7f00 0041 | ffd2 4883 | c420 49c7 | 8788 0200 | 0000 0000 | 0049 c787 | 9802 0000 
  0x00000266c5d91640: 0000 0000 | 49c7 8790 | 0200 0000 | 0000 00c5 | f877 418b | 8ffc 0300 | 00f7 c101 | 0000 000f 
  0x00000266c5d91660: 8449 0000 | 00f7 c102 | 0000 000f | 853d 0000 | 0048 83ec | 20f7 c40f | 0000 000f | 841a 0000 
  0x00000266c5d91680: 0048 83ec | 0849 ba50 | 8a86 d6fa | 7f00 0041 | ffd2 4883 | c408 e90d | 0000 0049 | ba50 8a86 
  0x00000266c5d916a0: d6fa 7f00 | 0041 ffd2 | 4883 c420 | ffe0 498b | 8f80 0400 | 0048 85c9 | 0f84 5900 | 0000 8b89 
  0x00000266c5d916c0: 8c00 0000 | 83f9 010f | 854a 0000 | 0049 8b8f | 8004 0000 | 8b89 9000 | 0000 4883 | ec20 f7c4 
  0x00000266c5d916e0: 0f00 0000 | 0f84 1a00 | 0000 4883 | ec08 49ba | 408a 86d6 | fa7f 0000 | 41ff d248 | 83c4 08e9 
  0x00000266c5d91700: 0d00 0000 | 49ba 408a | 86d6 fa7f | 0000 41ff | d248 83c4 | 20ff e049 | 817f 0800 | 0000 000f 
  0x00000266c5d91720: 8405 0000 | 00e9 d6f7 | feff 4c8b | 6dc0 4c8b | 75c8 c348 | b978 2edb | d6fa 7f00 | 0048 83e4 
  0x00000266c5d91740: f049 bae0 | 58a9 d6fa | 7f00 0041 | ffd2 f444 | 8b5b 2841 | f7c3 2000 | 0000 0f84 | 0402 0000 
  0x00000266c5d91760: 488d 55a8 | 4c8b 5a08 | 4d85 db0f | 8583 0100 | 00e8 0500 | 0000 e95d | 0100 0048 | 8d44 2408 
  0x00000266c5d91780: 4c89 6dc0 | 498b cfc5 | f877 4989 | af98 0200 | 0049 8987 | 8802 0000 | 4883 ec20 | f7c4 0f00 
  0x00000266c5d917a0: 0000 0f84 | 1a00 0000 | 4883 ec08 | 49ba b0ff | 86d6 fa7f | 0000 41ff | d248 83c4 | 08e9 0d00 
  0x00000266c5d917c0: 0000 49ba | b0ff 86d6 | fa7f 0000 | 41ff d248 | 83c4 2049 | c787 8802 | 0000 0000 | 0000 49c7 
  0x00000266c5d917e0: 8798 0200 | 0000 0000 | 0049 c787 | 9002 0000 | 0000 0000 | c5f8 7741 | 8b8f fc03 | 0000 f7c1 
  0x00000266c5d91800: 0100 0000 | 0f84 4900 | 0000 f7c1 | 0200 0000 | 0f85 3d00 | 0000 4883 | ec20 f7c4 | 0f00 0000 
  0x00000266c5d91820: 0f84 1a00 | 0000 4883 | ec08 49ba | 508a 86d6 | fa7f 0000 | 41ff d248 | 83c4 08e9 | 0d00 0000 
  0x00000266c5d91840: 49ba 508a | 86d6 fa7f | 0000 41ff | d248 83c4 | 20ff e049 | 8b8f 8004 | 0000 4885 | c90f 8459 
  0x00000266c5d91860: 0000 008b | 898c 0000 | 0083 f901 | 0f85 4a00 | 0000 498b | 8f80 0400 | 008b 8990 | 0000 0048 
  0x00000266c5d91880: 83ec 20f7 | c40f 0000 | 000f 841a | 0000 0048 | 83ec 0849 | ba40 8a86 | d6fa 7f00 | 0041 ffd2 
  0x00000266c5d918a0: 4883 c408 | e90d 0000 | 0049 ba40 | 8a86 d6fa | 7f00 0041 | ffd2 4883 | c420 ffe0 | 4981 7f08 
  0x00000266c5d918c0: 0000 0000 | 0f84 0500 | 0000 e931 | f6fe ff4c | 8b6d c04c | 8b75 c8c3 | 48b9 782e | dbd6 fa7f 
  0x00000266c5d918e0: 0000 4883 | e4f0 49ba | e058 a9d6 | fa7f 0000 | 41ff d2f4 | 4c89 6dc0 | 488d 024c | 8b4a 0848 
  0x00000266c5d91900: c742 0800 | 0000 004c | 8b00 4d85 | c00f 844d | 0000 00f0 | 4d0f b101 | 0f84 4200 | 0000 4c89 
  0x00000266c5d91920: 4a08 488b | ca48 83ec | 20f7 c40f | 0000 000f | 841a 0000 | 0048 83ec | 0849 bae0 | d186 d6fa 
  0x00000266c5d91940: 7f00 0041 | ffd2 4883 | c408 e90d | 0000 0049 | bae0 d186 | d6fa 7f00 | 0041 ffd2 | 4883 c420 
  0x00000266c5d91960: 4c8b 6dc0 | 418b 9788 | 0400 0085 | d20f 8467 | 0100 00e8 | 0500 0000 | e95d 0100 | 0048 8d44 
  0x00000266c5d91980: 2408 4c89 | 6dc0 498b | cfc5 f877 | 4989 af98 | 0200 0049 | 8987 8802 | 0000 4883 | ec20 f7c4 
  0x00000266c5d919a0: 0f00 0000 | 0f84 1a00 | 0000 4883 | ec08 49ba | b0e1 86d6 | fa7f 0000 | 41ff d248 | 83c4 08e9 
  0x00000266c5d919c0: 0d00 0000 | 49ba b0e1 | 86d6 fa7f | 0000 41ff | d248 83c4 | 2049 c787 | 8802 0000 | 0000 0000 
  0x00000266c5d919e0: 49c7 8798 | 0200 0000 | 0000 0049 | c787 9002 | 0000 0000 | 0000 c5f8 | 7741 8b8f | fc03 0000 
  0x00000266c5d91a00: f7c1 0100 | 0000 0f84 | 4900 0000 | f7c1 0200 | 0000 0f85 | 3d00 0000 | 4883 ec20 | f7c4 0f00 
  0x00000266c5d91a20: 0000 0f84 | 1a00 0000 | 4883 ec08 | 49ba 508a | 86d6 fa7f | 0000 41ff | d248 83c4 | 08e9 0d00 
  0x00000266c5d91a40: 0000 49ba | 508a 86d6 | fa7f 0000 | 41ff d248 | 83c4 20ff | e049 8b8f | 8004 0000 | 4885 c90f 
  0x00000266c5d91a60: 8459 0000 | 008b 898c | 0000 0083 | f901 0f85 | 4a00 0000 | 498b 8f80 | 0400 008b | 8990 0000 
  0x00000266c5d91a80: 0048 83ec | 20f7 c40f | 0000 000f | 841a 0000 | 0048 83ec | 0849 ba40 | 8a86 d6fa | 7f00 0041 
  0x00000266c5d91aa0: ffd2 4883 | c408 e90d | 0000 0049 | ba40 8a86 | d6fa 7f00 | 0041 ffd2 | 4883 c420 | ffe0 4981 
  0x00000266c5d91ac0: 7f08 0000 | 0000 0f84 | 0500 0000 | e92f f4fe | ff4c 8b6d | c04c 8b75 | c8c3 49ba | 838a fdd6 
  0x00000266c5d91ae0: fa7f 0000 | 4180 3a00 | 0f84 4200 | 0000 488b | 55e8 498b | cf48 83ec | 20f7 c40f | 0000 000f 
  0x00000266c5d91b00: 841a 0000 | 0048 83ec | 0849 bab0 | 4dbc d6fa | 7f00 0041 | ffd2 4883 | c408 e90d | 0000 0049 
  0x00000266c5d91b20: bab0 4dbc | d6fa 7f00 | 0041 ffd2 | 4883 c420 | 488b 0424 | 4883 c410 | c5fb 1004 | 2448 83c4 
  0x00000266c5d91b40: 104c 8b5d | 1841 ffd3 | 4c8b 5df8 | c95f 498b | e3ff e7ba | 0000 0000 | e805 0000 | 00e9 5d01 
  0x00000266c5d91b60: 0000 488d | 4424 084c | 896d c049 | 8bcf c5f8 | 7749 89af | 9802 0000 | 4989 8788 | 0200 0048 
  0x00000266c5d91b80: 83ec 20f7 | c40f 0000 | 000f 841a | 0000 0048 | 83ec 0849 | bae0 c286 | d6fa 7f00 | 0041 ffd2 
  0x00000266c5d91ba0: 4883 c408 | e90d 0000 | 0049 bae0 | c286 d6fa | 7f00 0041 | ffd2 4883 | c420 49c7 | 8788 0200 
  0x00000266c5d91bc0: 0000 0000 | 0049 c787 | 9802 0000 | 0000 0000 | 49c7 8790 | 0200 0000 | 0000 00c5 | f877 418b 
  0x00000266c5d91be0: 8ffc 0300 | 00f7 c101 | 0000 000f | 8449 0000 | 00f7 c102 | 0000 000f | 853d 0000 | 0048 83ec 
  0x00000266c5d91c00: 20f7 c40f | 0000 000f | 841a 0000 | 0048 83ec | 0849 ba50 | 8a86 d6fa | 7f00 0041 | ffd2 4883 
  0x00000266c5d91c20: c408 e90d | 0000 0049 | ba50 8a86 | d6fa 7f00 | 0041 ffd2 | 4883 c420 | ffe0 498b | 8f80 0400 
  0x00000266c5d91c40: 0048 85c9 | 0f84 5900 | 0000 8b89 | 8c00 0000 | 83f9 010f | 854a 0000 | 0049 8b8f | 8004 0000 
  0x00000266c5d91c60: 8b89 9000 | 0000 4883 | ec20 f7c4 | 0f00 0000 | 0f84 1a00 | 0000 4883 | ec08 49ba | 408a 86d6 
  0x00000266c5d91c80: fa7f 0000 | 41ff d248 | 83c4 08e9 | 0d00 0000 | 49ba 408a | 86d6 fa7f | 0000 41ff | d248 83c4 
  0x00000266c5d91ca0: 20ff e049 | 817f 0800 | 0000 000f | 8405 0000 | 00e9 4af2 | feff 4c8b | 6dc0 4c8b | 75c8 c348 
  0x00000266c5d91cc0: 8b5d e8e9 | 32f1 ffff | 0000 0000 | 0000 0000 | 0000 0000 | 0000 0000 | 0000 0000 | 0000 0000 
[/MachCode]

---------------  P R O C E S S  ---------------

Threads class SMR info:
_java_thread_list=0x00000266f5e0b960, length=17, elements={
0x00000266be596d70, 0x00000266eaefad60, 0x00000266eaefbbd0, 0x00000266eaf0ca40,
0x00000266eaf0e600, 0x00000266eb902590, 0x00000266eb902f40, 0x00000266eb903cd0,
0x00000266eb904770, 0x00000266eb90fec0, 0x00000266eb9f8570, 0x00000266eba836e0,
0x00000266eba9e7f0, 0x00000266ebaab030, 0x00000266ebe68450, 0x00000266eebaa6d0,
0x00000266ee879060
}

Java Threads: ( => current thread )
=>0x00000266be596d70 JavaThread "main" [_thread_in_Java, id=9564, stack(0x000000a3bb100000,0x000000a3bb200000)]
  0x00000266eaefad60 JavaThread "Reference Handler" daemon [_thread_blocked, id=9804, stack(0x000000a3bb800000,0x000000a3bb900000)]
  0x00000266eaefbbd0 JavaThread "Finalizer" daemon [_thread_blocked, id=19180, stack(0x000000a3bb900000,0x000000a3bba00000)]
  0x00000266eaf0ca40 JavaThread "Signal Dispatcher" daemon [_thread_blocked, id=17148, stack(0x000000a3bba00000,0x000000a3bbb00000)]
  0x00000266eaf0e600 JavaThread "Attach Listener" daemon [_thread_blocked, id=6100, stack(0x000000a3bbb00000,0x000000a3bbc00000)]
  0x00000266eb902590 JavaThread "Service Thread" daemon [_thread_blocked, id=10548, stack(0x000000a3bbc00000,0x000000a3bbd00000)]
  0x00000266eb902f40 JavaThread "Monitor Deflation Thread" daemon [_thread_blocked, id=17660, stack(0x000000a3bbd00000,0x000000a3bbe00000)]
  0x00000266eb903cd0 JavaThread "C2 CompilerThread0" daemon [_thread_blocked, id=20636, stack(0x000000a3bbe00000,0x000000a3bbf00000)]
  0x00000266eb904770 JavaThread "C1 CompilerThread0" daemon [_thread_blocked, id=12604, stack(0x000000a3bbf00000,0x000000a3bc000000)]
  0x00000266eb90fec0 JavaThread "Sweeper thread" daemon [_thread_blocked, id=10336, stack(0x000000a3bc000000,0x000000a3bc100000)]
  0x00000266eb9f8570 JavaThread "Common-Cleaner" daemon [_thread_blocked, id=3232, stack(0x000000a3bc100000,0x000000a3bc200000)]
  0x00000266eba836e0 JavaThread "JDWP Transport Listener: dt_socket" daemon [_thread_blocked, id=16276, stack(0x000000a3bc300000,0x000000a3bc400000)]
  0x00000266eba9e7f0 JavaThread "JDWP Event Helper Thread" daemon [_thread_blocked, id=18056, stack(0x000000a3bc400000,0x000000a3bc500000)]
  0x00000266ebaab030 JavaThread "JDWP Command Reader" daemon [_thread_in_native, id=13984, stack(0x000000a3bc500000,0x000000a3bc600000)]
  0x00000266ebe68450 JavaThread "Notification Thread" daemon [_thread_blocked, id=15368, stack(0x000000a3bc700000,0x000000a3bc800000)]
  0x00000266eebaa6d0 JavaThread "Java2D Disposer" daemon [_thread_blocked, id=9908, stack(0x000000a3bd800000,0x000000a3bd900000)]
  0x00000266ee879060 JavaThread "AWT-Windows" daemon [_thread_in_native, id=3644, stack(0x000000a3bda00000,0x000000a3bdb00000)]

Other Threads:
  0x00000266eaef58a0 VMThread "VM Thread" [stack: 0x000000a3bb700000,0x000000a3bb800000] [id=11500]
  0x00000266be62a480 WatcherThread [stack: 0x000000a3bc800000,0x000000a3bc900000] [id=11108]
  0x00000266be60d930 GCTaskThread "GC Thread#0" [stack: 0x000000a3bb200000,0x000000a3bb300000] [id=3620]
  0x00000266ec7eab10 GCTaskThread "GC Thread#1" [stack: 0x000000a3bc900000,0x000000a3bca00000] [id=988]
  0x00000266ecd19420 GCTaskThread "GC Thread#2" [stack: 0x000000a3bca00000,0x000000a3bcb00000] [id=7544]
  0x00000266ecc7c870 GCTaskThread "GC Thread#3" [stack: 0x000000a3bcb00000,0x000000a3bcc00000] [id=20492]
  0x00000266ec88fc30 GCTaskThread "GC Thread#4" [stack: 0x000000a3bcc00000,0x000000a3bcd00000] [id=13140]
  0x00000266ed12fb30 GCTaskThread "GC Thread#5" [stack: 0x000000a3bcd00000,0x000000a3bce00000] [id=8652]
  0x00000266ec702e50 GCTaskThread "GC Thread#6" [stack: 0x000000a3bce00000,0x000000a3bcf00000] [id=13564]
  0x00000266ec703710 GCTaskThread "GC Thread#7" [stack: 0x000000a3bcf00000,0x000000a3bd000000] [id=3624]
  0x00000266ec58d3a0 GCTaskThread "GC Thread#8" [stack: 0x000000a3bd000000,0x000000a3bd100000] [id=17400]
  0x00000266ec58d650 GCTaskThread "GC Thread#9" [stack: 0x000000a3bd100000,0x000000a3bd200000] [id=14152]
  0x00000266be61e800 ConcurrentGCThread "G1 Main Marker" [stack: 0x000000a3bb300000,0x000000a3bb400000] [id=14568]
  0x00000266be61f9b0 ConcurrentGCThread "G1 Conc#0" [stack: 0x000000a3bb400000,0x000000a3bb500000] [id=15912]
  0x00000266f659ea10 ConcurrentGCThread "G1 Conc#1" [stack: 0x000000a3bc200000,0x000000a3bc300000] [id=13192]
  0x00000266f659e760 ConcurrentGCThread "G1 Conc#2" [stack: 0x000000a3bc600000,0x000000a3bc700000] [id=11876]
  0x00000266eadae140 ConcurrentGCThread "G1 Refine#0" [stack: 0x000000a3bb500000,0x000000a3bb600000] [id=1232]
  0x00000266eadaea70 ConcurrentGCThread "G1 Service" [stack: 0x000000a3bb600000,0x000000a3bb700000] [id=14024]

Threads with active compile tasks:

VM state: not at safepoint (normal execution)

VM Mutex/Monitor currently owned by a thread: None

Heap address: 0x0000000600c00000, size: 8180 MB, Compressed Oops mode: Zero based, Oop shift amount: 3

CDS archive(s) mapped at: [0x0000000800000000-0x0000000800bc0000-0x0000000800bc0000), size 12320768, SharedBaseAddress: 0x0000000800000000, ArchiveRelocationMode: 0.
Compressed class space mapped at: 0x0000000800c00000-0x0000000840c00000, reserved size: 1073741824
Narrow klass base: 0x0000000800000000, Narrow klass shift: 0, Narrow klass range: 0x100000000

GC Precious Log:
 CPUs: 12 total, 12 available
 Memory: 32713M
 Large Page Support: Disabled
 NUMA Support: Disabled
 Compressed Oops: Enabled (Zero based)
 Heap Region Size: 4M
 Heap Min Capacity: 8M
 Heap Initial Capacity: 512M
 Heap Max Capacity: 8180M
 Pre-touch: Disabled
 Parallel Workers: 10
 Concurrent Workers: 3
 Concurrent Refinement Workers: 10
 Periodic GC: Disabled

Heap:
 garbage-first heap   total 81920K, used 26856K [0x0000000600c00000, 0x0000000800000000)
  region size 4096K, 7 young (28672K), 4 survivors (16384K)
 Metaspace       used 22841K, committed 23104K, reserved 1073152K
  class space    used 2003K, committed 2112K, reserved 1048576K

Heap Regions: E=young(eden), S=young(survivor), O=old, HS=humongous(starts), HC=humongous(continues), CS=collection set, F=free, OA=open archive, CA=closed archive, TAMS=top-at-mark-start (previous, next)
|   0|0x0000000600c00000, 0x0000000600fc2a00, 0x0000000601000000| 94%| O|  |TAMS 0x0000000600fc2a00, 0x0000000600c00000| Untracked 
|   1|0x0000000601000000, 0x0000000601000000, 0x0000000601400000|  0%| F|  |TAMS 0x0000000601000000, 0x0000000601000000| Untracked 
|   2|0x0000000601400000, 0x0000000601400000, 0x0000000601800000|  0%| F|  |TAMS 0x0000000601400000, 0x0000000601400000| Untracked 
|   3|0x0000000601800000, 0x0000000601800000, 0x0000000601c00000|  0%| F|  |TAMS 0x0000000601800000, 0x0000000601800000| Untracked 
|   4|0x0000000601c00000, 0x0000000601c00000, 0x0000000602000000|  0%| F|  |TAMS 0x0000000601c00000, 0x0000000601c00000| Untracked 
|   5|0x0000000602000000, 0x0000000602000000, 0x0000000602400000|  0%| F|  |TAMS 0x0000000602000000, 0x0000000602000000| Untracked 
|   6|0x0000000602400000, 0x0000000602400000, 0x0000000602800000|  0%| F|  |TAMS 0x0000000602400000, 0x0000000602400000| Untracked 
|   7|0x0000000602800000, 0x0000000602800000, 0x0000000602c00000|  0%| F|  |TAMS 0x0000000602800000, 0x0000000602800000| Untracked 
|   8|0x0000000602c00000, 0x0000000602c00000, 0x0000000603000000|  0%| F|  |TAMS 0x0000000602c00000, 0x0000000602c00000| Untracked 
|   9|0x0000000603000000, 0x0000000603000000, 0x0000000603400000|  0%| F|  |TAMS 0x0000000603000000, 0x0000000603000000| Untracked 
|  10|0x0000000603400000, 0x0000000603400000, 0x0000000603800000|  0%| F|  |TAMS 0x0000000603400000, 0x0000000603400000| Untracked 
|  11|0x0000000603800000, 0x0000000603800000, 0x0000000603c00000|  0%| F|  |TAMS 0x0000000603800000, 0x0000000603800000| Untracked 
|  12|0x0000000603c00000, 0x0000000603c00000, 0x0000000604000000|  0%| F|  |TAMS 0x0000000603c00000, 0x0000000603c00000| Untracked 
|  13|0x0000000604000000, 0x00000006041ca8f0, 0x0000000604400000| 44%| E|  |TAMS 0x0000000604000000, 0x0000000604000000| Complete 
|  14|0x0000000604400000, 0x0000000604800000, 0x0000000604800000|100%| E|CS|TAMS 0x0000000604400000, 0x0000000604400000| Complete 
| 102|0x000000061a400000, 0x000000061a677688, 0x000000061a800000| 61%| S|CS|TAMS 0x000000061a400000, 0x000000061a400000| Complete 
| 103|0x000000061a800000, 0x000000061ac00000, 0x000000061ac00000|100%| S|CS|TAMS 0x000000061a800000, 0x000000061a800000| Complete 
| 104|0x000000061ac00000, 0x000000061b000000, 0x000000061b000000|100%| S|CS|TAMS 0x000000061ac00000, 0x000000061ac00000| Complete 
| 105|0x000000061b000000, 0x000000061b400000, 0x000000061b400000|100%| S|CS|TAMS 0x000000061b000000, 0x000000061b000000| Complete 
| 127|0x0000000620800000, 0x0000000620c00000, 0x0000000620c00000|100%| E|CS|TAMS 0x0000000620800000, 0x0000000620800000| Complete 

Card table byte_map: [0x00000266d62d0000,0x00000266d72d0000] _byte_map_base: 0x00000266d32ca000

Marking Bits (Prev, Next): (CMBitMap*) 0x00000266be60df80, (CMBitMap*) 0x00000266be60df40
 Prev Bits: [0x00000266e02a0000, 0x00000266e8270000)
 Next Bits: [0x00000266d82d0000, 0x00000266e02a0000)

Polling page: 0x00000266bdd60000

Metaspace:

Usage:
  Non-class:     20.35 MB used.
      Class:      1.96 MB used.
       Both:     22.31 MB used.

Virtual space:
  Non-class space:       24.00 MB reserved,      20.50 MB ( 85%) committed,  3 nodes.
      Class space:        1.00 GB reserved,       2.06 MB ( <1%) committed,  1 nodes.
             Both:        1.02 GB reserved,      22.56 MB (  2%) committed. 

Chunk freelists:
   Non-Class:  3.35 MB
       Class:  1.95 MB
        Both:  5.30 MB

MaxMetaspaceSize: unlimited
CompressedClassSpaceSize: 1.00 GB
Initial GC threshold: 21.00 MB
Current GC threshold: 35.12 MB
CDS: on
MetaspaceReclaimPolicy: balanced
 - commit_granule_bytes: 65536.
 - commit_granule_words: 8192.
 - virtual_space_node_default_size: 1048576.
 - enlarge_chunks_in_place: 1.
 - new_chunks_are_fully_committed: 0.
 - uncommit_free_chunks: 1.
 - use_allocation_guard: 0.
 - handle_deallocations: 1.


Internal statistics:

num_allocs_failed_limit: 3.
num_arena_births: 198.
num_arena_deaths: 0.
num_vsnodes_births: 4.
num_vsnodes_deaths: 0.
num_space_committed: 359.
num_space_uncommitted: 0.
num_chunks_returned_to_freelist: 3.
num_chunks_taken_from_freelist: 685.
num_chunk_merges: 3.
num_chunk_splits: 502.
num_chunks_enlarged: 386.
num_purges: 0.
num_inconsistent_stats: 0.

CodeHeap 'non-profiled nmethods': size=120000Kb used=1252Kb max_used=1252Kb free=118747Kb
 bounds [0x00000266cd850000, 0x00000266cdac0000, 0x00000266d4d80000]
CodeHeap 'profiled nmethods': size=120000Kb used=4394Kb max_used=4394Kb free=115605Kb
 bounds [0x00000266c6320000, 0x00000266c6770000, 0x00000266cd850000]
CodeHeap 'non-nmethods': size=5760Kb used=1861Kb max_used=1899Kb free=3898Kb
 bounds [0x00000266c5d80000, 0x00000266c5ff0000, 0x00000266c6320000]
 total_blobs=3713 nmethods=2432 adapters=1194
 compilation: enabled
              stopped_count=0, restarted_count=0
 full_count=0

Compilation events (20 events):
Event: 10.764 Thread 0x00000266eb904770 2422       3       java.util.ImmutableCollections$AbstractImmutableSet::<init> (5 bytes)
Event: 10.764 Thread 0x00000266eb904770 nmethod 2422 0x00000266c6765790 code [0x00000266c6765940, 0x00000266c6765b78]
Event: 10.764 Thread 0x00000266eb904770 2423       3       java.lang.invoke.MethodHandleNatives::linkCallSite (66 bytes)
Event: 10.765 Thread 0x00000266eb904770 nmethod 2423 0x00000266c6765c90 code [0x00000266c6765e60, 0x00000266c67663e8]
Event: 10.765 Thread 0x00000266eb904770 2424       3       java.lang.invoke.MethodHandleNatives::linkCallSiteImpl (44 bytes)
Event: 10.765 Thread 0x00000266eb903cd0 2427       4       java.lang.StringBuilder::append (8 bytes)
Event: 10.765 Thread 0x00000266eb904770 nmethod 2424 0x00000266c6766610 code [0x00000266c6766840, 0x00000266c67671b8]
Event: 10.765 Thread 0x00000266eb904770 2428       3       java.lang.invoke.InvokerBytecodeGenerator::emitStoreInsn (21 bytes)
Event: 10.765 Thread 0x00000266eb904770 nmethod 2428 0x00000266c6767590 code [0x00000266c6767740, 0x00000266c67679b8]
Event: 10.765 Thread 0x00000266eb904770 2425       3       java.lang.invoke.Invokers::checkExactType (17 bytes)
Event: 10.765 Thread 0x00000266eb903cd0 nmethod 2427 0x00000266cd988d10 code [0x00000266cd988ea0, 0x00000266cd988f48]
Event: 10.765 Thread 0x00000266eb904770 nmethod 2425 0x00000266c6767b10 code [0x00000266c6767cc0, 0x00000266c6767ee8]
Event: 10.765 Thread 0x00000266eb904770 2429       3       jdk.internal.org.objectweb.asm.ClassReader::readUtf (161 bytes)
Event: 10.765 Thread 0x00000266eb904770 nmethod 2429 0x00000266c6768010 code [0x00000266c67681e0, 0x00000266c67686a8]
Event: 10.765 Thread 0x00000266eb904770 2431       3       jdk.internal.org.objectweb.asm.ClassReader::<init> (371 bytes)
Event: 10.766 Thread 0x00000266eb904770 nmethod 2431 0x00000266c6768990 code [0x00000266c6768ca0, 0x00000266c676a0f8]
Event: 10.766 Thread 0x00000266eb904770 2430       3       java.lang.invoke.MethodHandles$Lookup$ClassFile::readUnsignedShort (39 bytes)
Event: 10.766 Thread 0x00000266eb904770 nmethod 2430 0x00000266c676a690 code [0x00000266c676a840, 0x00000266c676aa68]
Event: 10.766 Thread 0x00000266eb904770 2432       1       jdk.internal.org.objectweb.asm.ClassReader::getMaxStringLength (5 bytes)
Event: 10.766 Thread 0x00000266eb904770 nmethod 2432 0x00000266cd989010 code [0x00000266cd9891a0, 0x00000266cd989278]

GC Heap History (6 events):
Event: 0.356 GC heap before
{Heap before GC invocations=0 (full 0):
 garbage-first heap   total 524288K, used 20480K [0x0000000600c00000, 0x0000000800000000)
  region size 4096K, 6 young (24576K), 0 survivors (0K)
 Metaspace       used 2530K, committed 2688K, reserved 1056768K
  class space    used 254K, committed 320K, reserved 1048576K
}
Event: 0.358 GC heap after
{Heap after GC invocations=1 (full 0):
 garbage-first heap   total 524288K, used 4043K [0x0000000600c00000, 0x0000000800000000)
  region size 4096K, 1 young (4096K), 1 survivors (4096K)
 Metaspace       used 2530K, committed 2688K, reserved 1056768K
  class space    used 254K, committed 320K, reserved 1048576K
}
Event: 0.752 GC heap before
{Heap before GC invocations=1 (full 0):
 garbage-first heap   total 524288K, used 32715K [0x0000000600c00000, 0x0000000800000000)
  region size 4096K, 8 young (32768K), 1 survivors (4096K)
 Metaspace       used 10428K, committed 10624K, reserved 1064960K
  class space    used 1155K, committed 1280K, reserved 1048576K
}
Event: 0.755 GC heap after
{Heap after GC invocations=2 (full 0):
 garbage-first heap   total 524288K, used 6238K [0x0000000600c00000, 0x0000000800000000)
  region size 4096K, 1 young (4096K), 1 survivors (4096K)
 Metaspace       used 10428K, committed 10624K, reserved 1064960K
  class space    used 1155K, committed 1280K, reserved 1048576K
}
Event: 1.820 GC heap before
{Heap before GC invocations=2 (full 0):
 garbage-first heap   total 524288K, used 84062K [0x0000000600c00000, 0x0000000800000000)
  region size 4096K, 22 young (90112K), 1 survivors (4096K)
 Metaspace       used 21325K, committed 21504K, reserved 1073152K
  class space    used 1935K, committed 2048K, reserved 1048576K
}
Event: 1.825 GC heap after
{Heap after GC invocations=3 (full 0):
 garbage-first heap   total 524288K, used 18664K [0x0000000600c00000, 0x0000000800000000)
  region size 4096K, 4 young (16384K), 4 survivors (16384K)
 Metaspace       used 21325K, committed 21504K, reserved 1073152K
  class space    used 1935K, committed 2048K, reserved 1048576K
}

Deoptimization events (20 events):
Event: 1.946 Thread 0x00000266be596d70 Uncommon trap: trap_request=0xffffff45 fr.pc=0x00000266cd851ce0 relative=0x0000000000000060
Event: 1.946 Thread 0x00000266be596d70 Uncommon trap: reason=unstable_if action=reinterpret pc=0x00000266cd851ce0 method=java.lang.String.isLatin1()Z @ 10 c2
Event: 1.946 Thread 0x00000266be596d70 DEOPT PACKING pc=0x00000266cd851ce0 sp=0x000000a3bb1fd6c0
Event: 1.946 Thread 0x00000266be596d70 DEOPT UNPACKING pc=0x00000266c5dd23a3 sp=0x000000a3bb1fd660 mode 2
Event: 1.946 Thread 0x00000266be596d70 Uncommon trap: trap_request=0xffffff45 fr.pc=0x00000266cd8ac0c8 relative=0x0000000000000048
Event: 1.946 Thread 0x00000266be596d70 Uncommon trap: reason=unstable_if action=reinterpret pc=0x00000266cd8ac0c8 method=java.lang.CharacterData.of(I)Ljava/lang/CharacterData; @ 4 c2
Event: 1.946 Thread 0x00000266be596d70 DEOPT PACKING pc=0x00000266cd8ac0c8 sp=0x000000a3bb1fd1f0
Event: 1.946 Thread 0x00000266be596d70 DEOPT UNPACKING pc=0x00000266c5dd23a3 sp=0x000000a3bb1fd190 mode 2
Event: 1.990 Thread 0x00000266be596d70 DEOPT PACKING pc=0x00000266c65ed2fb sp=0x000000a3bb1fccd0
Event: 1.990 Thread 0x00000266be596d70 DEOPT UNPACKING pc=0x00000266c5dd2b43 sp=0x000000a3bb1fc1f8 mode 0
Event: 2.037 Thread 0x00000266be596d70 Uncommon trap: trap_request=0xffffff45 fr.pc=0x00000266cd964414 relative=0x00000000000002f4
Event: 2.037 Thread 0x00000266be596d70 Uncommon trap: reason=unstable_if action=reinterpret pc=0x00000266cd964414 method=org.joml.Math.absEqualsOne(F)Z @ 9 c2
Event: 2.037 Thread 0x00000266be596d70 DEOPT PACKING pc=0x00000266cd964414 sp=0x000000a3bb1ff060
Event: 2.037 Thread 0x00000266be596d70 DEOPT UNPACKING pc=0x00000266c5dd23a3 sp=0x000000a3bb1feee8 mode 2
Event: 2.108 Thread 0x00000266be596d70 DEOPT PACKING pc=0x00000266c672988c sp=0x000000a3bb1feeb0
Event: 2.108 Thread 0x00000266be596d70 DEOPT UNPACKING pc=0x00000266c5dd2b43 sp=0x000000a3bb1fe3e0 mode 0
Event: 2.263 Thread 0x00000266be596d70 Uncommon trap: trap_request=0xffffff76 fr.pc=0x00000266cd96dbc4 relative=0x0000000000000c24
Event: 2.263 Thread 0x00000266be596d70 Uncommon trap: reason=predicate action=maybe_recompile pc=0x00000266cd96dbc4 method=com.engineersbox.yajge.scene.element.object.composite.InstancedMesh.renderChunkInstanced(Ljava/util/List;ZLcom/engineersbox/yajge/rendering/view/Transform;Lorg/joml/Matrix
Event: 2.263 Thread 0x00000266be596d70 DEOPT PACKING pc=0x00000266cd96dbc4 sp=0x000000a3bb1ff020
Event: 2.263 Thread 0x00000266be596d70 DEOPT UNPACKING pc=0x00000266c5dd23a3 sp=0x000000a3bb1fefd0 mode 2

Classes unloaded (0 events):
No events

Classes redefined (0 events):
No events

Internal exceptions (20 events):
Event: 0.799 Thread 0x00000266be596d70 Exception <a 'sun/nio/fs/WindowsException'{0x00000006209ec5c0}> (0x00000006209ec5c0) 
thrown [t:\workspace\open\src\hotspot\share\prims\jni.cpp, line 516]
Event: 0.799 Thread 0x00000266be596d70 Exception <a 'sun/nio/fs/WindowsException'{0x00000006209ec968}> (0x00000006209ec968) 
thrown [t:\workspace\open\src\hotspot\share\prims\jni.cpp, line 516]
Event: 1.124 Thread 0x00000266be596d70 Exception <a 'sun/nio/fs/WindowsException'{0x00000006204cb028}> (0x00000006204cb028) 
thrown [t:\workspace\open\src\hotspot\share\prims\jni.cpp, line 516]
Event: 1.124 Thread 0x00000266be596d70 Exception <a 'sun/nio/fs/WindowsException'{0x00000006204cb408}> (0x00000006204cb408) 
thrown [t:\workspace\open\src\hotspot\share\prims\jni.cpp, line 516]
Event: 1.126 Thread 0x00000266be596d70 Exception <a 'sun/nio/fs/WindowsException'{0x00000006204dce80}> (0x00000006204dce80) 
thrown [t:\workspace\open\src\hotspot\share\prims\jni.cpp, line 516]
Event: 1.126 Thread 0x00000266be596d70 Exception <a 'sun/nio/fs/WindowsException'{0x00000006204dd1a0}> (0x00000006204dd1a0) 
thrown [t:\workspace\open\src\hotspot\share\prims\jni.cpp, line 516]
Event: 1.295 Thread 0x00000266be596d70 Exception <a 'sun/nio/fs/WindowsException'{0x000000061ffafae0}> (0x000000061ffafae0) 
thrown [t:\workspace\open\src\hotspot\share\prims\jni.cpp, line 516]
Event: 1.295 Thread 0x00000266be596d70 Exception <a 'sun/nio/fs/WindowsException'{0x000000061ffafea0}> (0x000000061ffafea0) 
thrown [t:\workspace\open\src\hotspot\share\prims\jni.cpp, line 516]
Event: 1.445 Thread 0x00000266be596d70 Exception <a 'java/lang/NoSuchMethodError'{0x000000061cbfca88}: 'java.lang.Object java.lang.invoke.DirectMethodHandle$Holder.invokeStaticInit(java.lang.Object, java.lang.Object, java.lang.Object, java.lang.Object)'> (0x000000061cbfca88) 
thrown [t:\workspace\open\src\hotspot\share\interpreter\linkResolver.cpp, line 766]
Event: 1.446 Thread 0x00000266be596d70 Exception <a 'java/lang/NoSuchMethodError'{0x000000061c404350}: 'void java.lang.invoke.DirectMethodHandle$Holder.invokeStaticInit(java.lang.Object, java.lang.Object, java.lang.Object)'> (0x000000061c404350) 
thrown [t:\workspace\open\src\hotspot\share\interpreter\linkResolver.cpp, line 766]
Event: 1.551 Thread 0x00000266be596d70 Exception <a 'java/lang/ClassNotFoundException'{0x000000061be47978}: sun/awt/resources/spi/awtProvider> (0x000000061be47978) 
thrown [t:\workspace\open\src\hotspot\share\classfile\systemDictionary.cpp, line 256]
Event: 1.554 Thread 0x00000266be596d70 Exception <a 'java/io/FileNotFoundException'{0x000000061be55170}> (0x000000061be55170) 
thrown [t:\workspace\open\src\hotspot\share\prims\jni.cpp, line 516]
Event: 1.554 Thread 0x00000266be596d70 Exception <a 'java/io/FileNotFoundException'{0x000000061be566b0}> (0x000000061be566b0) 
thrown [t:\workspace\open\src\hotspot\share\prims\jni.cpp, line 516]
Event: 1.771 Thread 0x00000266be596d70 Exception <a 'java/lang/NoSuchMethodError'{0x000000061b942100}: 'java.lang.Object java.lang.invoke.DirectMethodHandle$Holder.invokeStaticInit(java.lang.Object, int, int, int, int)'> (0x000000061b942100) 
thrown [t:\workspace\open\src\hotspot\share\interpreter\linkResolver.cpp, line 766]
Event: 1.790 Thread 0x00000266be596d70 Exception <a 'java/lang/NoSuchMethodError'{0x000000061b411568}: 'java.lang.Object java.lang.invoke.DirectMethodHandle$Holder.invokeStaticInit(java.lang.Object, java.lang.Object, int, int, int, int)'> (0x000000061b411568) 
thrown [t:\workspace\open\src\hotspot\share\interpreter\linkResolver.cpp, line 766]
Event: 1.809 Thread 0x00000266be596d70 Exception <a 'java/lang/NoSuchMethodError'{0x000000061b530160}: 'float java.lang.invoke.DirectMethodHandle$Holder.invokeSpecial(java.lang.Object, java.lang.Object)'> (0x000000061b530160) 
thrown [t:\workspace\open\src\hotspot\share\interpreter\linkResolver.cpp, line 766]
Event: 1.840 Thread 0x00000266be596d70 Exception <a 'sun/nio/fs/WindowsException'{0x00000006208340e0}> (0x00000006208340e0) 
thrown [t:\workspace\open\src\hotspot\share\prims\jni.cpp, line 516]
Event: 1.840 Thread 0x00000266be596d70 Exception <a 'sun/nio/fs/WindowsException'{0x00000006208344a0}> (0x00000006208344a0) 
thrown [t:\workspace\open\src\hotspot\share\prims\jni.cpp, line 516]
Event: 10.764 Thread 0x00000266be596d70 Exception <a 'java/lang/NoSuchMethodError'{0x0000000604780000}: 'void java.lang.invoke.DirectMethodHandle$Holder.invokeVirtual(java.lang.Object, java.lang.Object)'> (0x0000000604780000) 
thrown [t:\workspace\open\src\hotspot\share\interpreter\linkResolver.cpp, line 766]
Event: 10.765 Thread 0x00000266be596d70 Exception <a 'java/lang/NoSuchMethodError'{0x00000006047882c0}: 'void java.lang.invoke.DirectMethodHandle$Holder.invokeInterface(java.lang.Object, java.lang.Object)'> (0x00000006047882c0) 
thrown [t:\workspace\open\src\hotspot\share\interpreter\linkResolver.cpp, line 766]

VM Operations (20 events):
Event: 1.577 Executing VM operation: HandshakeAllThreads
Event: 1.577 Executing VM operation: HandshakeAllThreads done
Event: 1.738 Executing VM operation: HandshakeAllThreads
Event: 1.738 Executing VM operation: HandshakeAllThreads done
Event: 1.763 Executing VM operation: HandshakeAllThreads
Event: 1.763 Executing VM operation: HandshakeAllThreads done
Event: 1.763 Executing VM operation: Cleanup
Event: 1.763 Executing VM operation: Cleanup done
Event: 1.820 Executing VM operation: CollectForMetadataAllocation
Event: 1.825 Executing VM operation: CollectForMetadataAllocation done
Event: 1.830 Executing VM operation: G1Concurrent
Event: 1.832 Executing VM operation: G1Concurrent done
Event: 1.832 Executing VM operation: G1Concurrent
Event: 1.832 Executing VM operation: G1Concurrent done
Event: 1.946 Executing VM operation: HandshakeAllThreads
Event: 1.946 Executing VM operation: HandshakeAllThreads done
Event: 2.955 Executing VM operation: Cleanup
Event: 2.955 Executing VM operation: Cleanup done
Event: 6.996 Executing VM operation: Cleanup
Event: 6.996 Executing VM operation: Cleanup done

Events (20 events):
Event: 2.224 Thread 0x00000266f64fbec0 Thread exited: 0x00000266f64fbec0
Event: 2.749 loading class java/util/IdentityHashMap$ValueIterator
Event: 2.750 loading class java/util/IdentityHashMap$ValueIterator done
Event: 2.750 loading class sun/awt/AppContext$PostShutdownEventRunnable
Event: 2.750 loading class sun/awt/AppContext$PostShutdownEventRunnable done
Event: 2.750 loading class sun/awt/AWTAutoShutdown$1
Event: 2.750 loading class sun/awt/AWTAutoShutdown$1 done
Event: 2.750 Thread 0x00000266eec8aa30 Thread exited: 0x00000266eec8aa30
Event: 10.764 loading class com/engineersbox/yajge/scene/element/object/composite/Mesh
Event: 10.764 loading class com/engineersbox/yajge/scene/element/object/composite/Mesh done
Event: 10.764 loading class com/engineersbox/yajge/scene/element/object/composite/InstancedMesh
Event: 10.764 loading class com/engineersbox/yajge/scene/element/object/composite/InstancedMesh done
Event: 10.765 loading class com/engineersbox/yajge/scene/element/particles/IParticleEmitter
Event: 10.765 loading class com/engineersbox/yajge/scene/element/particles/IParticleEmitter done
Event: 10.765 loading class com/engineersbox/yajge/scene/element/SceneElement
Event: 10.765 loading class com/engineersbox/yajge/scene/element/SceneElement done
Event: 10.765 loading class com/engineersbox/yajge/scene/element/object/composite/Mesh
Event: 10.765 loading class com/engineersbox/yajge/scene/element/object/composite/Mesh done
Event: 10.766 loading class org/lwjgl/glfw/Callbacks
Event: 10.766 loading class org/lwjgl/glfw/Callbacks done


Dynamic libraries:
0x00007ff7840f0000 - 0x00007ff7840fe000 	C:\Users\DEG3NERAT3_\.jdks\openjdk-17.0.1\bin\java.exe
0x00007ffb255b0000 - 0x00007ffb257a5000 	C:\WINDOWS\SYSTEM32\ntdll.dll
0x00007ffb23f10000 - 0x00007ffb23fce000 	C:\WINDOWS\System32\KERNEL32.DLL
0x00007ffb22d90000 - 0x00007ffb23059000 	C:\WINDOWS\System32\KERNELBASE.dll
0x00007ffb231f0000 - 0x00007ffb232f0000 	C:\WINDOWS\System32\ucrtbase.dll
0x00007ffb1e4c0000 - 0x00007ffb1e4d8000 	C:\Users\DEG3NERAT3_\.jdks\openjdk-17.0.1\bin\jli.dll
0x00007ffb1e4a0000 - 0x00007ffb1e4ba000 	C:\Users\DEG3NERAT3_\.jdks\openjdk-17.0.1\bin\VCRUNTIME140.dll
0x00007ffb23cf0000 - 0x00007ffb23e91000 	C:\WINDOWS\System32\USER32.dll
0x00007ffb22d60000 - 0x00007ffb22d82000 	C:\WINDOWS\System32\win32u.dll
0x00007ffb0c9a0000 - 0x00007ffb0cc3a000 	C:\WINDOWS\WinSxS\amd64_microsoft.windows.common-controls_6595b64144ccf1df_6.0.19041.1110_none_60b5254171f9507e\COMCTL32.dll
0x00007ffb237e0000 - 0x00007ffb2380b000 	C:\WINDOWS\System32\GDI32.dll
0x00007ffb23ba0000 - 0x00007ffb23c3e000 	C:\WINDOWS\System32\msvcrt.dll
0x00007ffb230e0000 - 0x00007ffb231eb000 	C:\WINDOWS\System32\gdi32full.dll
0x00007ffb23560000 - 0x00007ffb235fd000 	C:\WINDOWS\System32\msvcp_win.dll
0x00007ffb25460000 - 0x00007ffb25490000 	C:\WINDOWS\System32\IMM32.DLL
0x00007ffb1f7b0000 - 0x00007ffb1f7bc000 	C:\Users\DEG3NERAT3_\.jdks\openjdk-17.0.1\bin\vcruntime140_1.dll
0x00007ffb18d10000 - 0x00007ffb18d9d000 	C:\Users\DEG3NERAT3_\.jdks\openjdk-17.0.1\bin\msvcp140.dll
0x00007ffad64f0000 - 0x00007ffad70ae000 	C:\Users\DEG3NERAT3_\.jdks\openjdk-17.0.1\bin\server\jvm.dll
0x00007ffb23af0000 - 0x00007ffb23b9c000 	C:\WINDOWS\System32\ADVAPI32.dll
0x00007ffb23810000 - 0x00007ffb238ab000 	C:\WINDOWS\System32\sechost.dll
0x00007ffb236b0000 - 0x00007ffb237da000 	C:\WINDOWS\System32\RPCRT4.dll
0x00007ffb23ce0000 - 0x00007ffb23ce8000 	C:\WINDOWS\System32\PSAPI.DLL
0x00007ffb153d0000 - 0x00007ffb153f7000 	C:\WINDOWS\SYSTEM32\WINMM.dll
0x00007ffb1c910000 - 0x00007ffb1c91a000 	C:\WINDOWS\SYSTEM32\VERSION.dll
0x00007ffb1a6c0000 - 0x00007ffb1a6c9000 	C:\WINDOWS\SYSTEM32\WSOCK32.dll
0x00007ffb254f0000 - 0x00007ffb2555b000 	C:\WINDOWS\System32\WS2_32.dll
0x00007ffb21580000 - 0x00007ffb21592000 	C:\WINDOWS\SYSTEM32\kernel.appcore.dll
0x00007ffb1e5a0000 - 0x00007ffb1e5aa000 	C:\Users\DEG3NERAT3_\.jdks\openjdk-17.0.1\bin\jimage.dll
0x00007ffb20a40000 - 0x00007ffb20c24000 	C:\WINDOWS\SYSTEM32\DBGHELP.DLL
0x00007ffb0bcc0000 - 0x00007ffb0bcec000 	C:\WINDOWS\SYSTEM32\dbgcore.DLL
0x00007ffb22cd0000 - 0x00007ffb22d53000 	C:\WINDOWS\System32\bcryptPrimitives.dll
0x00007ffb02a70000 - 0x00007ffb02aab000 	C:\Users\DEG3NERAT3_\.jdks\openjdk-17.0.1\bin\jdwp.dll
0x00007ffb18b50000 - 0x00007ffb18b5e000 	C:\Users\DEG3NERAT3_\.jdks\openjdk-17.0.1\bin\instrument.dll
0x00007ffb198c0000 - 0x00007ffb198e5000 	C:\Users\DEG3NERAT3_\.jdks\openjdk-17.0.1\bin\java.dll
0x00007ffb18c30000 - 0x00007ffb18d06000 	C:\Users\DEG3NERAT3_\.jdks\openjdk-17.0.1\bin\svml.dll
0x00007ffb24d20000 - 0x00007ffb2545f000 	C:\WINDOWS\System32\SHELL32.dll
0x00007ffb20d80000 - 0x00007ffb21510000 	C:\WINDOWS\SYSTEM32\windows.storage.dll
0x00007ffb24600000 - 0x00007ffb24955000 	C:\WINDOWS\System32\combase.dll
0x00007ffb22720000 - 0x00007ffb2274c000 	C:\WINDOWS\SYSTEM32\Wldp.dll
0x00007ffb23600000 - 0x00007ffb236ad000 	C:\WINDOWS\System32\SHCORE.dll
0x00007ffb23eb0000 - 0x00007ffb23f05000 	C:\WINDOWS\System32\shlwapi.dll
0x00007ffb22c10000 - 0x00007ffb22c2f000 	C:\WINDOWS\SYSTEM32\profapi.dll
0x00007ffb18b40000 - 0x00007ffb18b4c000 	C:\Users\DEG3NERAT3_\.jdks\openjdk-17.0.1\bin\dt_socket.dll
0x00007ffb22120000 - 0x00007ffb2215b000 	C:\WINDOWS\SYSTEM32\IPHLPAPI.DLL
0x00007ffb22480000 - 0x00007ffb224ea000 	C:\WINDOWS\system32\mswsock.dll
0x00007ffb18bf0000 - 0x00007ffb18c08000 	C:\Users\DEG3NERAT3_\.jdks\openjdk-17.0.1\bin\zip.dll
0x00007ffb1e480000 - 0x00007ffb1e499000 	C:\Users\DEG3NERAT3_\.jdks\openjdk-17.0.1\bin\net.dll
0x00007ffb14520000 - 0x00007ffb14628000 	C:\WINDOWS\SYSTEM32\WINHTTP.dll
0x00007ffb18c10000 - 0x00007ffb18c25000 	C:\Users\DEG3NERAT3_\.jdks\openjdk-17.0.1\bin\nio.dll
0x00007ffb1e520000 - 0x00007ffb1e530000 	C:\Users\DEG3NERAT3_\.jdks\openjdk-17.0.1\bin\verify.dll
0x00007ffb198b0000 - 0x00007ffb198b9000 	C:\Users\DEG3NERAT3_\.jdks\openjdk-17.0.1\bin\management.dll
0x00007ffb18be0000 - 0x00007ffb18beb000 	C:\Users\DEG3NERAT3_\.jdks\openjdk-17.0.1\bin\management_ext.dll
0x00007ffb12940000 - 0x00007ffb12957000 	C:\WINDOWS\system32\napinsp.dll
0x00007ffb12920000 - 0x00007ffb1293b000 	C:\WINDOWS\system32\pnrpnsp.dll
0x00007ffafda70000 - 0x00007ffafda85000 	C:\WINDOWS\system32\wshbth.dll
0x00007ffb1e330000 - 0x00007ffb1e34d000 	C:\WINDOWS\system32\NLAapi.dll
0x00007ffb22160000 - 0x00007ffb2222c000 	C:\WINDOWS\SYSTEM32\DNSAPI.dll
0x00007ffb25560000 - 0x00007ffb25568000 	C:\WINDOWS\System32\NSI.dll
0x00007ffb113f0000 - 0x00007ffb11402000 	C:\WINDOWS\System32\winrnr.dll
0x00007ffb1bf90000 - 0x00007ffb1bf9a000 	C:\Windows\System32\rasadhlp.dll
0x00007ffb11600000 - 0x00007ffb1167f000 	C:\WINDOWS\System32\fwpuclnt.dll
0x00007ffb23060000 - 0x00007ffb23087000 	C:\WINDOWS\System32\bcrypt.dll
0x00007ffaeddc0000 - 0x00007ffaede24000 	C:\Users\DEG3NERAT3_\AppData\Local\Temp\lwjglDEG3NERAT3_\3.2.3-build-13\lwjgl.dll
0x00007ffadf160000 - 0x00007ffadf3b3000 	C:\Users\DEG3NE~1\AppData\Local\Temp\lwjglDEG3NERAT3_\3.2.3-build-13\jemalloc.dll
0x00007ffae09d0000 - 0x00007ffae0a32000 	C:\Users\DEG3NE~1\AppData\Local\Temp\lwjglDEG3NERAT3_\3.2.3-build-13\glfw.dll
0x00007ffb20270000 - 0x00007ffb2030e000 	C:\WINDOWS\system32\uxtheme.dll
0x00007ffaf7e60000 - 0x00007ffaf7ea5000 	C:\WINDOWS\SYSTEM32\dinput8.dll
0x00007ffb18730000 - 0x00007ffb18741000 	C:\WINDOWS\SYSTEM32\xinput1_4.dll
0x00007ffb23090000 - 0x00007ffb230de000 	C:\WINDOWS\System32\cfgmgr32.dll
0x00007ffb22a90000 - 0x00007ffb22ac4000 	C:\WINDOWS\SYSTEM32\DEVOBJ.dll
0x00007ffb205b0000 - 0x00007ffb205df000 	C:\WINDOWS\SYSTEM32\dwmapi.dll
0x00007ffb12a00000 - 0x00007ffb12b52000 	C:\WINDOWS\SYSTEM32\inputhost.dll
0x00007ffb249c0000 - 0x00007ffb24a8d000 	C:\WINDOWS\System32\OLEAUT32.dll
0x00007ffb1fea0000 - 0x00007ffb1ff92000 	C:\WINDOWS\SYSTEM32\CoreMessaging.dll
0x00007ffb1f390000 - 0x00007ffb1f4e4000 	C:\WINDOWS\SYSTEM32\wintypes.dll
0x00007ffb1e040000 - 0x00007ffb1e136000 	C:\WINDOWS\SYSTEM32\PROPSYS.dll
0x00007ffb1fb40000 - 0x00007ffb1fe9e000 	C:\WINDOWS\SYSTEM32\CoreUIComponents.dll
0x00007ffb219a0000 - 0x00007ffb219d3000 	C:\WINDOWS\SYSTEM32\ntmarta.dll
0x00007ffb24a90000 - 0x00007ffb24ba5000 	C:\WINDOWS\System32\MSCTF.dll
0x00007ffb21540000 - 0x00007ffb2154d000 	C:\WINDOWS\SYSTEM32\HID.DLL
0x00007ffb23fd0000 - 0x00007ffb24442000 	C:\WINDOWS\System32\SETUPAPI.DLL
0x00007ffb23500000 - 0x00007ffb23560000 	C:\WINDOWS\System32\WINTRUST.dll
0x00007ffb232f0000 - 0x00007ffb23446000 	C:\WINDOWS\System32\CRYPT32.dll
0x00007ffb228b0000 - 0x00007ffb228c2000 	C:\WINDOWS\SYSTEM32\MSASN1.dll
0x00007ffaed580000 - 0x00007ffaed6a5000 	C:\WINDOWS\SYSTEM32\opengl32.dll
0x00007ffb106d0000 - 0x00007ffb106fc000 	C:\WINDOWS\SYSTEM32\GLU32.dll
0x00007ffb23a40000 - 0x00007ffb23ae9000 	C:\WINDOWS\System32\clbcatq.dll
0x00007ffacda40000 - 0x00007ffad09ff000 	C:\WINDOWS\System32\DriverStore\FileRepository\nvmdi.inf_amd64_3bab16edc4978b17\nvoglv64.dll
0x00007ffb238b0000 - 0x00007ffb239da000 	C:\WINDOWS\System32\ole32.dll
0x00007ffb1e310000 - 0x00007ffb1e324000 	C:\WINDOWS\SYSTEM32\WTSAPI32.dll
0x00007ffb22670000 - 0x00007ffb2267c000 	C:\WINDOWS\SYSTEM32\CRYPTBASE.DLL
0x00007ffb1c820000 - 0x00007ffb1c851000 	C:\WINDOWS\SYSTEM32\cryptnet.dll
0x00007ffb19ac0000 - 0x00007ffb19c0a000 	C:\WINDOWS\SYSTEM32\drvstore.dll
0x00007ffb1d9b0000 - 0x00007ffb1d9eb000 	C:\WINDOWS\SYSTEM32\dxcore.dll
0x00007ffadd370000 - 0x00007ffadd633000 	C:\WINDOWS\system32\nvspcap64.dll
0x00007ffb22290000 - 0x00007ffb222db000 	C:\WINDOWS\SYSTEM32\powrprof.dll
0x00007ffb22100000 - 0x00007ffb22112000 	C:\WINDOWS\SYSTEM32\UMPDC.dll
0x00007ffb21a10000 - 0x00007ffb21a6a000 	C:\WINDOWS\SYSTEM32\WINSTA.dll
0x00007ffb12cf0000 - 0x00007ffb12de9000 	C:\WINDOWS\SYSTEM32\textinputframework.dll
0x00007ffaf7cc0000 - 0x00007ffaf7d19000 	C:\Users\DEG3NERAT3_\AppData\Local\Temp\lwjglDEG3NERAT3_\3.2.3-build-13\lwjgl_opengl.dll
0x00007ffae0950000 - 0x00007ffae09c7000 	C:\Users\DEG3NERAT3_\AppData\Local\Temp\lwjglDEG3NERAT3_\3.2.3-build-13\lwjgl_stb.dll
0x00007ffadf820000 - 0x00007ffadf9ae000 	C:\Users\DEG3NERAT3_\.jdks\openjdk-17.0.1\bin\awt.dll
0x00007ffb200e0000 - 0x00007ffb20170000 	C:\WINDOWS\SYSTEM32\apphelp.dll
0x00007ffae08c0000 - 0x00007ffae0949000 	C:\Users\DEG3NERAT3_\.jdks\openjdk-17.0.1\bin\freetype.dll
0x00007ffadf0b0000 - 0x00007ffadf158000 	C:\Users\DEG3NERAT3_\.jdks\openjdk-17.0.1\bin\fontmanager.dll
0x00007ffb18550000 - 0x00007ffb1871e000 	C:\WINDOWS\system32\d3d9.dll
0x00007ffb194a0000 - 0x00007ffb195a6000 	C:\WINDOWS\System32\DriverStore\FileRepository\nvmdi.inf_amd64_3bab16edc4978b17\nvldumdx.dll
0x00007ffb23cc0000 - 0x00007ffb23cdd000 	C:\WINDOWS\System32\imagehlp.dll
0x00007ffb22680000 - 0x00007ffb22698000 	C:\WINDOWS\SYSTEM32\CRYPTSP.dll
0x00007ffb21d90000 - 0x00007ffb21dc4000 	C:\WINDOWS\system32\rsaenh.dll
0x00007ffab2970000 - 0x00007ffab4105000 	C:\WINDOWS\System32\DriverStore\FileRepository\nvmdi.inf_amd64_3bab16edc4978b17\nvd3dumx.dll
0x00007ffb21550000 - 0x00007ffb21573000 	C:\WINDOWS\SYSTEM32\gpapi.dll
0x00007ffb22bd0000 - 0x00007ffb22bfe000 	C:\WINDOWS\SYSTEM32\USERENV.dll
0x00007ffb1c620000 - 0x00007ffb1c637000 	C:\WINDOWS\SYSTEM32\dhcpcsvc6.DLL
0x00007ffb1c8f0000 - 0x00007ffb1c90d000 	C:\WINDOWS\SYSTEM32\dhcpcsvc.DLL
0x00007ffadcb50000 - 0x00007ffadcc5b000 	C:\Users\DEG3NE~1\AppData\Local\Temp\lwjglDEG3NERAT3_\3.2.3-build-13\OpenAL.dll
0x00007ffb1ba40000 - 0x00007ffb1bac5000 	C:\WINDOWS\System32\MMDevApi.dll
0x00007ffaff7f0000 - 0x00007ffaff971000 	C:\WINDOWS\SYSTEM32\AUDIOSES.DLL
0x00007ffb203a0000 - 0x00007ffb203b4000 	C:\WINDOWS\SYSTEM32\resourcepolicyclient.dll

dbghelp: loaded successfully - version: 4.0.5 - missing functions: none
symbol engine: initialized successfully - sym options: 0x614 - pdb path: .;C:\Users\DEG3NERAT3_\.jdks\openjdk-17.0.1\bin;C:\WINDOWS\SYSTEM32;C:\WINDOWS\WinSxS\amd64_microsoft.windows.common-controls_6595b64144ccf1df_6.0.19041.1110_none_60b5254171f9507e;C:\Users\DEG3NERAT3_\.jdks\openjdk-17.0.1\bin\server;C:\Users\DEG3NERAT3_\AppData\Local\Temp\lwjglDEG3NERAT3_\3.2.3-build-13;C:\Users\DEG3NE~1\AppData\Local\Temp\lwjglDEG3NERAT3_\3.2.3-build-13;C:\WINDOWS\System32\DriverStore\FileRepository\nvmdi.inf_amd64_3bab16edc4978b17

VM Arguments:
jvm_args: -agentlib:jdwp=transport=dt_socket,address=127.0.0.1:60737,suspend=y,server=n -Dvisualvm.id=439203005463900 -Dyajge.config=assets/config/config.conf -javaagent:C:\Users\DEG3NERAT3_\AppData\Local\JetBrains\Toolbox\apps\IDEA-U\ch-0\212.5284.40\plugins\java\lib\rt\debugger-agent.jar -Dfile.encoding=UTF-8 
java_command: com.engineersbox.yajge.testgame.Main
java_class_path (initial): E:\YAJGE\target\classes;C:\Users\DEG3NERAT3_\.m2\repository\com\typesafe\config\1.4.1\config-1.4.1.jar;C:\Users\DEG3NERAT3_\.m2\repository\org\eclipse\collections\eclipse-collections-api\10.4.0\eclipse-collections-api-10.4.0.jar;C:\Users\DEG3NERAT3_\.m2\repository\org\eclipse\collections\eclipse-collections\10.4.0\eclipse-collections-10.4.0.jar;C:\Users\DEG3NERAT3_\.m2\repository\org\l33tlabs\twl\pngdecoder\1.0\pngdecoder-1.0.jar;C:\Users\DEG3NERAT3_\.m2\repository\javax\xml\bind\jaxb-api\2.3.1\jaxb-api-2.3.1.jar;C:\Users\DEG3NERAT3_\.m2\repository\javax\activation\javax.activation-api\1.2.0\javax.activation-api-1.2.0.jar;C:\Users\DEG3NERAT3_\.m2\repository\org\glassfish\jaxb\jaxb-runtime\3.0.2\jaxb-runtime-3.0.2.jar;C:\Users\DEG3NERAT3_\.m2\repository\com\sun\activation\jakarta.activation\2.0.1\jakarta.activation-2.0.1.jar;C:\Users\DEG3NERAT3_\.m2\repository\org\glassfish\jaxb\jaxb-core\3.0.2\jaxb-core-3.0.2.jar;C:\Users\DEG3NERAT3_\.m2\repository\jakarta\xml\bind\jakarta.xml.bind-api\3.0.1\jakarta.xml.bind-api-3.0.1.jar;C:\Users\DEG3NERAT3_\.m2\repository\org\glassfish\jaxb\txw2\3.0.2\txw2-3.0.2.jar;C:\Users\DEG3NERAT3_\.m2\repository\com\sun\istack\istack-commons-runtime\4.0.1\istack-commons-runtime-4.0.1.jar;C:\Users\DEG3NERAT3_\.m2\repository\org\apache\commons\commons-lang3\3.11\commons-lang3-3.11.jar;C:\Users\DEG3NERAT3_\.m2\repository\org\apache\logging\log4j\log4j-iostreams\2.14.1\log4j-iostreams-2.14.1.jar;C:\Users\DEG3NERAT3_\.m2\repository\org\apache\logging\log4j\log4j-api\2.14.1\log4j-api-2.14.1.jar;C:\Users\DEG3NERAT3_\.m2\repository\org\apache\logging\log4j\log4j-core\2.14.1\log4j-core-2.14.1.jar;C:\Users\DEG3NERAT3_\.m2\repository\org\apache\maven\plugins\maven-shade-plugin\3.2.4\maven-shade-plugin-3.2.4.jar;C:\Users\DEG3NERAT3_\.m2\repository\org\apache\maven\maven-plugin-api\3.0\maven-plugin-api-3.0.jar;C:\Users\DEG3NERAT3_\.m2\repository\org\sonatype\sisu\sisu-inject-plexus\1.4.2\sisu-inject-plexus-1.4.2.jar;C:\Users\
Launcher Type: SUN_STANDARD

[Global flags]
     intx CICompilerCount                          = 4                                         {product} {ergonomic}
     uint ConcGCThreads                            = 3                                         {product} {ergonomic}
     uint G1ConcRefinementThreads                  = 10                                        {product} {ergonomic}
   size_t G1HeapRegionSize                         = 4194304                                   {product} {ergonomic}
    uintx GCDrainStackTargetSize                   = 64                                        {product} {ergonomic}
   size_t InitialHeapSize                          = 536870912                                 {product} {ergonomic}
   size_t MarkStackSize                            = 4194304                                   {product} {ergonomic}
   size_t MaxHeapSize                              = 8577351680                                {product} {ergonomic}
   size_t MaxNewSize                               = 5146411008                                {product} {ergonomic}
   size_t MinHeapDeltaBytes                        = 4194304                                   {product} {ergonomic}
   size_t MinHeapSize                              = 8388608                                   {product} {ergonomic}
    uintx NonNMethodCodeHeapSize                   = 5839372                                {pd product} {ergonomic}
    uintx NonProfiledCodeHeapSize                  = 122909434                              {pd product} {ergonomic}
    uintx ProfiledCodeHeapSize                     = 122909434                              {pd product} {ergonomic}
    uintx ReservedCodeCacheSize                    = 251658240                              {pd product} {ergonomic}
     bool SegmentedCodeCache                       = true                                      {product} {ergonomic}
   size_t SoftMaxHeapSize                          = 8577351680                             {manageable} {ergonomic}
     bool UseCompressedClassPointers               = true                           {product lp64_product} {ergonomic}
     bool UseCompressedOops                        = true                           {product lp64_product} {ergonomic}
     bool UseG1GC                                  = true                                      {product} {ergonomic}
     bool UseLargePagesIndividualAllocation        = false                                  {pd product} {ergonomic}

Logging:
Log output configuration:
 #0: stdout all=warning uptime,level,tags
 #1: stderr all=off uptime,level,tags

Environment Variables:
PATH=C:\Program Files\Common Files\Oracle\Java\javapath;C:\Program Files\NVIDIA GPU Computing Toolkit\CUDA\v11.4\bin;C:\Program Files\NVIDIA GPU Computing Toolkit\CUDA\v11.4\libnvvp;C:\Program Files (x86)\Razer Chroma SDK\bin;C:\Program Files\Razer Chroma SDK\bin;C:\Program Files (x86)\Razer\ChromaBroadcast\bin;C:\Program Files\Razer\ChromaBroadcast\bin;C:\Python27\;C:\Python27\Scripts;C:\Program Files (x86)\Common Files\Oracle\Java\javapath;C:\WINDOWS\system32;C:\WINDOWS;C:\WINDOWS\System32\Wbem;C:\WINDOWS\System32\WindowsPowerShell\v1.0\;C:\WINDOWS\System32\OpenSSH\;C:\Program Files (x86)\NVIDIA Corporation\PhysX\Common;C:\Program Files\NVIDIA Corporation\NVIDIA NvDLISR;C:\Program Files\dotnet\;C:\Program Files (x86)\Windows Kits\10\Windows Performance Toolkit\;C:\Program Files\Git\cmd;C:\Program Files\nodejs\;C:\ProgramData\chocolatey\bin;C:\Users\DEG3NERAT3_\AppData\Local\Programs\Python\Python38-32\Scripts\;C:\Users\DEG3NERAT3_\AppData\Local\Programs\Python\Python38-32\;C:\Users\DEG3NERAT3_\AppData\Local\Programs\Python\Python37-32\Scripts\;C:\Users\DEG3NERAT3_\AppData\Local\Programs\Python\Python37-32\;C:\Users\DEG3NERAT3_\AppData\Local\Microsoft\WindowsApps;C:\Users\DEG3NERAT3_\AppData\Local\Programs\Microsoft VS Code\bin;C:\Users\DEG3NERAT3_\AppData\Local\atom\bin;C:\Program Files\JetBrains\IntelliJ IDEA 2019.2.2\bin;C:\Users\DEG3NERAT3_\AppData\Roaming\npm;C:\WINDOWS\system32\config\systemprofile\AppData\Local\Microsoft\WindowsApps;C:\WINDOWS\system32;C:\WINDOWS;C:\WINDOWS\System32\Wbem;C:\WINDOWS\System32\WindowsPowerShell\v1.0\;C:\WINDOWS\System32\OpenSSH\;C:\Program Files\NVIDIA Corporation\Nsight Compute 2021.2.0\;E:\cmake\bin;C:\Program Files\Go\bin;C:\Users\DEG3NERAT3_\.cargo\bin;C:\Users\DEG3NERAT3_\AppData\Local\Programs\Python\Python38-32\Scripts\;C:\Users\DEG3NERAT3_\AppData\Local\Programs\Python\Python38-32\;C:\Users\DEG3NERAT3_\AppData\Local\Programs\Python\Python37-32\Scripts\;C:\Users\DEG3NERAT3_\AppData\Local\Programs\Python\Python37-32\;C:\User
USERNAME=DEG3NERAT3_
OS=Windows_NT
PROCESSOR_IDENTIFIER=Intel64 Family 6 Model 158 Stepping 10, GenuineIntel



---------------  S Y S T E M  ---------------

OS:
 Windows 10 , 64 bit Build 19041 (10.0.19041.1202)
OS uptime: 5 days 2:00 hours

CPU: total 12 (initial active 12) (6 cores per cpu, 2 threads per core) family 6 model 158 stepping 10 microcode 0xb4, cx8, cmov, fxsr, ht, mmx, 3dnowpref, sse, sse2, sse3, ssse3, sse4.1, sse4.2, popcnt, lzcnt, tsc, tscinvbit, avx, avx2, aes, erms, clmul, bmi1, bmi2, rtm, adx, fma, vzeroupper, clflush, clflushopt

Memory: 4k page, system-wide physical 32713M (17625M free)
TotalPageFile size 37577M (AvailPageFile size 19242M)
current process WorkingSet (physical memory assigned to process): 208M, peak: 283M
current process commit charge ("private bytes"): 378M, peak: 832M

vm_info: OpenJDK 64-Bit Server VM (17.0.1+12-39) for windows-amd64 JRE (17.0.1+12-39), built on Sep 27 2021 18:39:29 by "mach5one" with MS VC++ 16.8 (VS2019)

END.
